2025-03-24 20:05:08 | INFO     | core.supervisor | [SYSTEM] Registered generation agent
2025-03-24 20:05:08 | INFO     | core.supervisor | [SYSTEM] Registered reflection agent
2025-03-24 20:05:08 | INFO     | core.supervisor | [SYSTEM] Registered ranking agent
2025-03-24 20:05:08 | INFO     | core.supervisor | [SYSTEM] Registered evolution agent
2025-03-24 20:05:08 | INFO     | core.supervisor | [SYSTEM] Registered proximity agent
2025-03-24 20:05:08 | INFO     | core.supervisor | [SYSTEM] Registered meta_review agent
2025-03-24 20:05:08 | INFO     | core.supervisor | [SYSTEM] Supervisor agent started
2025-03-24 20:15:00 | INFO     | core.supervisor | [SYSTEM] Registered generation agent
2025-03-24 20:15:00 | INFO     | core.supervisor | [SYSTEM] Registered reflection agent
2025-03-24 20:15:00 | INFO     | core.supervisor | [SYSTEM] Registered ranking agent
2025-03-24 20:15:00 | INFO     | core.supervisor | [SYSTEM] Registered evolution agent
2025-03-24 20:15:00 | INFO     | core.supervisor | [SYSTEM] Registered proximity agent
2025-03-24 20:15:00 | INFO     | core.supervisor | [SYSTEM] Registered meta_review agent
2025-03-24 20:15:00 | INFO     | core.supervisor | [SYSTEM] Supervisor agent started
2025-03-24 20:18:43 | INFO     | core.supervisor | [SYSTEM] Registered generation agent
2025-03-24 20:18:43 | INFO     | core.supervisor | [SYSTEM] Registered reflection agent
2025-03-24 20:18:43 | INFO     | core.supervisor | [SYSTEM] Registered ranking agent
2025-03-24 20:18:43 | INFO     | core.supervisor | [SYSTEM] Registered evolution agent
2025-03-24 20:18:43 | INFO     | core.supervisor | [SYSTEM] Registered proximity agent
2025-03-24 20:18:43 | INFO     | core.supervisor | [SYSTEM] Registered meta_review agent
2025-03-24 20:18:43 | INFO     | core.supervisor | [SYSTEM] Supervisor agent started
2025-03-24 20:18:43 | INFO     | core.supervisor | [SYSTEM] Registered generation agent
2025-03-24 20:18:43 | INFO     | core.supervisor | [SYSTEM] Registered reflection agent
2025-03-24 20:18:43 | INFO     | core.supervisor | [SYSTEM] Registered ranking agent
2025-03-24 20:18:43 | INFO     | core.supervisor | [SYSTEM] Registered evolution agent
2025-03-24 20:18:43 | INFO     | core.supervisor | [SYSTEM] Registered proximity agent
2025-03-24 20:18:43 | INFO     | core.supervisor | [SYSTEM] Registered meta_review agent
2025-03-24 20:18:43 | INFO     | core.supervisor | [SYSTEM] Supervisor agent started
2025-03-24 20:19:22 | INFO     | core.supervisor | [SYSTEM] Registered generation agent
2025-03-24 20:19:22 | INFO     | core.supervisor | [SYSTEM] Registered reflection agent
2025-03-24 20:19:22 | INFO     | core.supervisor | [SYSTEM] Registered ranking agent
2025-03-24 20:19:22 | INFO     | core.supervisor | [SYSTEM] Registered evolution agent
2025-03-24 20:19:22 | INFO     | core.supervisor | [SYSTEM] Registered proximity agent
2025-03-24 20:19:22 | INFO     | core.supervisor | [SYSTEM] Registered meta_review agent
2025-03-24 20:19:22 | INFO     | core.supervisor | [SYSTEM] Supervisor agent started
2025-03-24 20:19:27 | INFO     | core.supervisor | [SYSTEM] Registered generation agent
2025-03-24 20:19:27 | INFO     | core.supervisor | [SYSTEM] Registered reflection agent
2025-03-24 20:19:27 | INFO     | core.supervisor | [SYSTEM] Registered ranking agent
2025-03-24 20:19:27 | INFO     | core.supervisor | [SYSTEM] Registered evolution agent
2025-03-24 20:19:27 | INFO     | core.supervisor | [SYSTEM] Registered proximity agent
2025-03-24 20:19:27 | INFO     | core.supervisor | [SYSTEM] Registered meta_review agent
2025-03-24 20:19:27 | INFO     | core.supervisor | [SYSTEM] Supervisor agent started
2025-03-24 20:24:31 | INFO     | core.supervisor | [SYSTEM] Registered generation agent
2025-03-24 20:24:31 | INFO     | core.supervisor | [SYSTEM] Registered reflection agent
2025-03-24 20:24:31 | INFO     | core.supervisor | [SYSTEM] Registered ranking agent
2025-03-24 20:24:31 | INFO     | core.supervisor | [SYSTEM] Registered evolution agent
2025-03-24 20:24:31 | INFO     | core.supervisor | [SYSTEM] Registered proximity agent
2025-03-24 20:24:31 | INFO     | core.supervisor | [SYSTEM] Registered meta_review agent
2025-03-24 20:24:31 | INFO     | core.supervisor | [SYSTEM] Supervisor agent started
2025-03-24 20:24:31 | INFO     | core.supervisor | [SYSTEM] Registered generation agent
2025-03-24 20:24:31 | INFO     | core.supervisor | [SYSTEM] Registered reflection agent
2025-03-24 20:24:31 | INFO     | core.supervisor | [SYSTEM] Registered ranking agent
2025-03-24 20:24:31 | INFO     | core.supervisor | [SYSTEM] Registered evolution agent
2025-03-24 20:24:31 | INFO     | core.supervisor | [SYSTEM] Registered proximity agent
2025-03-24 20:24:31 | INFO     | core.supervisor | [SYSTEM] Registered meta_review agent
2025-03-24 20:24:31 | INFO     | core.supervisor | [SYSTEM] Supervisor agent started
