2025-05-04 22:37:47 | INFO     | core.supervisor | [SYSTEM] Registered generation agent
2025-05-04 22:37:47 | INFO     | core.supervisor | [SYSTEM] Registered reflection agent
2025-05-04 22:37:47 | INFO     | core.supervisor | [SYSTEM] Registered ranking agent
2025-05-04 22:37:47 | INFO     | core.supervisor | [SYSTEM] Registered evolution agent
2025-05-04 22:37:47 | INFO     | core.supervisor | [SYSTEM] Registered proximity agent
2025-05-04 22:37:47 | INFO     | core.supervisor | [SYSTEM] Registered meta_review agent
2025-05-04 22:37:47 | INFO     | core.supervisor | [SYSTEM] Supervisor agent started
2025-05-04 22:38:01 | INFO     | core.supervisor | [SYSTEM] Registered generation agent
2025-05-04 22:38:01 | INFO     | core.supervisor | [SYSTEM] Registered reflection agent
2025-05-04 22:38:01 | INFO     | core.supervisor | [SYSTEM] Registered ranking agent
2025-05-04 22:38:01 | INFO     | core.supervisor | [SYSTEM] Registered evolution agent
2025-05-04 22:38:01 | INFO     | core.supervisor | [SYSTEM] Registered proximity agent
2025-05-04 22:38:01 | INFO     | core.supervisor | [SYSTEM] Registered meta_review agent
2025-05-04 22:38:01 | INFO     | core.supervisor | [SYSTEM] Supervisor agent started
2025-05-04 22:38:01 | INFO     | core.supervisor | [SYSTEM] Registered generation agent
2025-05-04 22:38:01 | INFO     | core.supervisor | [SYSTEM] Registered reflection agent
2025-05-04 22:38:01 | INFO     | core.supervisor | [SYSTEM] Registered ranking agent
2025-05-04 22:38:01 | INFO     | core.supervisor | [SYSTEM] Registered evolution agent
2025-05-04 22:38:01 | INFO     | core.supervisor | [SYSTEM] Registered proximity agent
2025-05-04 22:38:01 | INFO     | core.supervisor | [SYSTEM] Registered meta_review agent
2025-05-04 22:38:01 | INFO     | core.supervisor | [SYSTEM] Supervisor agent started
