2025-03-18 18:34:38 | INFO     | core.supervisor | [SYSTEM] Registered generation agent
2025-03-18 18:34:38 | INFO     | core.supervisor | [SYSTEM] Registered reflection agent
2025-03-18 18:34:38 | INFO     | core.supervisor | [SYSTEM] Registered ranking agent
2025-03-18 18:35:31 | INFO     | core.supervisor | [SYSTEM] Registered generation agent
2025-03-18 18:35:31 | INFO     | core.supervisor | [SYSTEM] Registered reflection agent
2025-03-18 18:35:31 | INFO     | core.supervisor | [SYSTEM] Registered ranking agent
2025-03-18 18:35:45 | INFO     | core.supervisor | [SYSTEM] Registered generation agent
2025-03-18 18:35:45 | INFO     | core.supervisor | [SYSTEM] Registered reflection agent
2025-03-18 18:35:45 | INFO     | core.supervisor | [SYSTEM] Registered ranking agent
2025-03-18 18:35:45 | INFO     | core.supervisor | [SYSTEM] Registered evolution agent
2025-03-18 18:36:33 | INFO     | core.supervisor | [SYSTEM] Registered generation agent
2025-03-18 18:36:33 | INFO     | core.supervisor | [SYSTEM] Registered reflection agent
2025-03-18 18:36:33 | INFO     | core.supervisor | [SYSTEM] Registered ranking agent
2025-03-18 18:36:33 | INFO     | core.supervisor | [SYSTEM] Registered evolution agent
2025-03-18 18:36:33 | INFO     | core.supervisor | [SYSTEM] Registered proximity agent
2025-03-18 18:37:21 | INFO     | core.supervisor | [SYSTEM] Registered generation agent
2025-03-18 18:37:21 | INFO     | core.supervisor | [SYSTEM] Registered reflection agent
2025-03-18 18:37:21 | INFO     | core.supervisor | [SYSTEM] Registered ranking agent
2025-03-18 18:37:21 | INFO     | core.supervisor | [SYSTEM] Registered evolution agent
2025-03-18 18:37:21 | INFO     | core.supervisor | [SYSTEM] Registered proximity agent
2025-03-18 18:41:38 | INFO     | core.supervisor | [SYSTEM] Registered generation agent
2025-03-18 18:41:38 | INFO     | core.supervisor | [SYSTEM] Registered reflection agent
2025-03-18 18:41:38 | INFO     | core.supervisor | [SYSTEM] Registered ranking agent
2025-03-18 18:41:38 | INFO     | core.supervisor | [SYSTEM] Registered evolution agent
2025-03-18 18:41:38 | INFO     | core.supervisor | [SYSTEM] Registered proximity agent
2025-03-18 18:41:38 | INFO     | core.supervisor | [SYSTEM] Registered meta_review agent
2025-03-18 18:41:38 | INFO     | core.supervisor | [SYSTEM] Supervisor agent started
2025-03-18 18:41:38 | INFO     | core.supervisor | [SYSTEM] Started research session session_20250318184138 with query: Impact of AI on Forensic Investigations
2025-03-18 18:41:38 | ERROR    | core.supervisor | [SYSTEM] Unknown agent type: web_search
2025-03-18 18:51:49 | INFO     | core.supervisor | [SYSTEM] Supervisor agent stopped
2025-03-18 18:51:57 | INFO     | core.supervisor | [SYSTEM] Registered generation agent
2025-03-18 18:51:57 | INFO     | core.supervisor | [SYSTEM] Registered reflection agent
2025-03-18 18:51:57 | INFO     | core.supervisor | [SYSTEM] Registered ranking agent
2025-03-18 18:51:57 | INFO     | core.supervisor | [SYSTEM] Registered evolution agent
2025-03-18 18:51:57 | INFO     | core.supervisor | [SYSTEM] Registered proximity agent
2025-03-18 18:51:57 | INFO     | core.supervisor | [SYSTEM] Registered meta_review agent
2025-03-18 18:51:57 | INFO     | core.supervisor | [SYSTEM] Supervisor agent started
2025-03-18 18:52:44 | INFO     | core.supervisor | [SYSTEM] Registered generation agent
2025-03-18 18:52:44 | INFO     | core.supervisor | [SYSTEM] Registered reflection agent
2025-03-18 18:52:44 | INFO     | core.supervisor | [SYSTEM] Registered ranking agent
2025-03-18 18:52:44 | INFO     | core.supervisor | [SYSTEM] Registered evolution agent
2025-03-18 18:52:44 | INFO     | core.supervisor | [SYSTEM] Registered proximity agent
2025-03-18 18:52:44 | INFO     | core.supervisor | [SYSTEM] Registered meta_review agent
2025-03-18 18:52:44 | INFO     | core.supervisor | [SYSTEM] Supervisor agent started
2025-03-18 19:00:01 | INFO     | core.supervisor | [SYSTEM] Registered generation agent
2025-03-18 19:00:01 | INFO     | core.supervisor | [SYSTEM] Registered reflection agent
2025-03-18 19:00:01 | INFO     | core.supervisor | [SYSTEM] Registered ranking agent
2025-03-18 19:00:01 | INFO     | core.supervisor | [SYSTEM] Registered evolution agent
2025-03-18 19:00:01 | INFO     | core.supervisor | [SYSTEM] Registered proximity agent
2025-03-18 19:00:01 | INFO     | core.supervisor | [SYSTEM] Registered meta_review agent
2025-03-18 19:00:01 | INFO     | core.supervisor | [SYSTEM] Supervisor agent started
2025-03-18 19:04:26 | INFO     | core.supervisor | [SYSTEM] Registered generation agent
2025-03-18 19:04:26 | INFO     | core.supervisor | [SYSTEM] Registered reflection agent
2025-03-18 19:04:26 | INFO     | core.supervisor | [SYSTEM] Registered ranking agent
2025-03-18 19:04:26 | INFO     | core.supervisor | [SYSTEM] Registered evolution agent
2025-03-18 19:04:26 | INFO     | core.supervisor | [SYSTEM] Registered proximity agent
2025-03-18 19:04:26 | INFO     | core.supervisor | [SYSTEM] Registered meta_review agent
2025-03-18 19:04:26 | INFO     | core.supervisor | [SYSTEM] Supervisor agent started
2025-03-18 19:09:18 | INFO     | core.supervisor | [SYSTEM] Registered generation agent
2025-03-18 19:09:18 | INFO     | core.supervisor | [SYSTEM] Registered reflection agent
2025-03-18 19:09:18 | INFO     | core.supervisor | [SYSTEM] Registered ranking agent
2025-03-18 19:09:18 | INFO     | core.supervisor | [SYSTEM] Registered evolution agent
2025-03-18 19:09:18 | INFO     | core.supervisor | [SYSTEM] Registered proximity agent
2025-03-18 19:09:18 | INFO     | core.supervisor | [SYSTEM] Registered meta_review agent
2025-03-18 19:09:18 | INFO     | core.supervisor | [SYSTEM] Supervisor agent started
2025-03-18 19:18:44 | INFO     | core.supervisor | [SYSTEM] Registered generation agent
2025-03-18 19:18:44 | INFO     | core.supervisor | [SYSTEM] Registered reflection agent
2025-03-18 19:18:44 | INFO     | core.supervisor | [SYSTEM] Registered ranking agent
2025-03-18 19:18:44 | INFO     | core.supervisor | [SYSTEM] Registered evolution agent
2025-03-18 19:18:44 | INFO     | core.supervisor | [SYSTEM] Registered proximity agent
2025-03-18 19:18:44 | INFO     | core.supervisor | [SYSTEM] Registered meta_review agent
2025-03-18 19:18:44 | INFO     | core.supervisor | [SYSTEM] Supervisor agent started
2025-03-18 19:20:58 | INFO     | core.supervisor | [SYSTEM] Registered generation agent
2025-03-18 19:20:58 | INFO     | core.supervisor | [SYSTEM] Registered reflection agent
2025-03-18 19:20:58 | INFO     | core.supervisor | [SYSTEM] Registered ranking agent
2025-03-18 19:20:58 | INFO     | core.supervisor | [SYSTEM] Registered evolution agent
2025-03-18 19:20:58 | INFO     | core.supervisor | [SYSTEM] Registered proximity agent
2025-03-18 19:20:58 | INFO     | core.supervisor | [SYSTEM] Registered meta_review agent
2025-03-18 19:20:58 | INFO     | core.supervisor | [SYSTEM] Supervisor agent started
2025-03-18 19:24:23 | INFO     | core.supervisor | [SYSTEM] Registered generation agent
2025-03-18 19:24:23 | INFO     | core.supervisor | [SYSTEM] Registered reflection agent
2025-03-18 19:24:23 | INFO     | core.supervisor | [SYSTEM] Registered ranking agent
2025-03-18 19:24:23 | INFO     | core.supervisor | [SYSTEM] Registered evolution agent
2025-03-18 19:24:23 | INFO     | core.supervisor | [SYSTEM] Registered proximity agent
2025-03-18 19:24:23 | INFO     | core.supervisor | [SYSTEM] Registered meta_review agent
2025-03-18 19:24:23 | INFO     | core.supervisor | [SYSTEM] Supervisor agent started
2025-03-18 19:34:04 | INFO     | core.supervisor | [SYSTEM] Registered generation agent
2025-03-18 19:34:04 | INFO     | core.supervisor | [SYSTEM] Registered reflection agent
2025-03-18 19:34:04 | INFO     | core.supervisor | [SYSTEM] Registered ranking agent
2025-03-18 19:34:04 | INFO     | core.supervisor | [SYSTEM] Registered evolution agent
2025-03-18 19:34:04 | INFO     | core.supervisor | [SYSTEM] Registered proximity agent
2025-03-18 19:34:04 | INFO     | core.supervisor | [SYSTEM] Registered meta_review agent
2025-03-18 19:34:04 | INFO     | core.supervisor | [SYSTEM] Supervisor agent started
2025-03-18 20:14:20 | INFO     | core.supervisor | [SYSTEM] Registered generation agent
2025-03-18 20:14:20 | INFO     | core.supervisor | [SYSTEM] Registered reflection agent
2025-03-18 20:14:20 | INFO     | core.supervisor | [SYSTEM] Registered ranking agent
2025-03-18 20:14:20 | INFO     | core.supervisor | [SYSTEM] Registered evolution agent
2025-03-18 20:14:20 | INFO     | core.supervisor | [SYSTEM] Registered proximity agent
2025-03-18 20:14:20 | INFO     | core.supervisor | [SYSTEM] Registered meta_review agent
2025-03-18 20:14:20 | INFO     | core.supervisor | [SYSTEM] Supervisor agent started
2025-03-18 20:30:46 | INFO     | core.supervisor | [SYSTEM] Registered generation agent
2025-03-18 20:30:46 | INFO     | core.supervisor | [SYSTEM] Registered reflection agent
2025-03-18 20:30:46 | INFO     | core.supervisor | [SYSTEM] Registered ranking agent
2025-03-18 20:30:46 | INFO     | core.supervisor | [SYSTEM] Registered evolution agent
2025-03-18 20:30:46 | INFO     | core.supervisor | [SYSTEM] Registered proximity agent
2025-03-18 20:30:46 | INFO     | core.supervisor | [SYSTEM] Registered meta_review agent
2025-03-18 20:30:46 | INFO     | core.supervisor | [SYSTEM] Supervisor agent started
2025-03-18 20:37:40 | INFO     | core.supervisor | [SYSTEM] Registered generation agent
2025-03-18 20:37:40 | INFO     | core.supervisor | [SYSTEM] Registered reflection agent
2025-03-18 20:37:40 | INFO     | core.supervisor | [SYSTEM] Registered ranking agent
2025-03-18 20:37:40 | INFO     | core.supervisor | [SYSTEM] Registered evolution agent
2025-03-18 20:37:40 | INFO     | core.supervisor | [SYSTEM] Registered proximity agent
2025-03-18 20:37:40 | INFO     | core.supervisor | [SYSTEM] Registered meta_review agent
2025-03-18 20:37:40 | INFO     | core.supervisor | [SYSTEM] Supervisor agent started
2025-03-18 20:39:18 | INFO     | core.supervisor | [SYSTEM] Registered generation agent
2025-03-18 20:39:18 | INFO     | core.supervisor | [SYSTEM] Registered reflection agent
2025-03-18 20:39:18 | INFO     | core.supervisor | [SYSTEM] Registered ranking agent
2025-03-18 20:39:18 | INFO     | core.supervisor | [SYSTEM] Registered evolution agent
2025-03-18 20:39:18 | INFO     | core.supervisor | [SYSTEM] Registered proximity agent
2025-03-18 20:39:18 | INFO     | core.supervisor | [SYSTEM] Registered meta_review agent
2025-03-18 20:39:18 | INFO     | core.supervisor | [SYSTEM] Supervisor agent started
2025-03-18 20:46:56 | INFO     | core.supervisor | [SYSTEM] Registered generation agent
2025-03-18 20:46:56 | INFO     | core.supervisor | [SYSTEM] Registered reflection agent
2025-03-18 20:46:56 | INFO     | core.supervisor | [SYSTEM] Registered ranking agent
2025-03-18 20:46:56 | INFO     | core.supervisor | [SYSTEM] Registered evolution agent
2025-03-18 20:46:56 | INFO     | core.supervisor | [SYSTEM] Registered proximity agent
2025-03-18 20:46:56 | INFO     | core.supervisor | [SYSTEM] Registered meta_review agent
2025-03-18 20:46:56 | INFO     | core.supervisor | [SYSTEM] Supervisor agent started
2025-03-18 20:50:25 | INFO     | core.supervisor | [SYSTEM] Registered generation agent
2025-03-18 20:50:25 | INFO     | core.supervisor | [SYSTEM] Registered reflection agent
2025-03-18 20:50:25 | INFO     | core.supervisor | [SYSTEM] Registered ranking agent
2025-03-18 20:50:25 | INFO     | core.supervisor | [SYSTEM] Registered evolution agent
2025-03-18 20:50:25 | INFO     | core.supervisor | [SYSTEM] Registered proximity agent
2025-03-18 20:50:25 | INFO     | core.supervisor | [SYSTEM] Registered meta_review agent
2025-03-18 20:50:25 | INFO     | core.supervisor | [SYSTEM] Supervisor agent started
2025-03-18 20:55:26 | INFO     | core.supervisor | [SYSTEM] Registered generation agent
2025-03-18 20:55:26 | INFO     | core.supervisor | [SYSTEM] Registered reflection agent
2025-03-18 20:55:26 | INFO     | core.supervisor | [SYSTEM] Registered ranking agent
2025-03-18 20:55:26 | INFO     | core.supervisor | [SYSTEM] Registered evolution agent
2025-03-18 20:55:26 | INFO     | core.supervisor | [SYSTEM] Registered proximity agent
2025-03-18 20:55:26 | INFO     | core.supervisor | [SYSTEM] Registered meta_review agent
2025-03-18 20:55:26 | INFO     | core.supervisor | [SYSTEM] Supervisor agent started
2025-03-18 20:58:55 | INFO     | core.supervisor | [SYSTEM] Registered generation agent
2025-03-18 20:58:55 | INFO     | core.supervisor | [SYSTEM] Registered reflection agent
2025-03-18 20:58:55 | INFO     | core.supervisor | [SYSTEM] Registered ranking agent
2025-03-18 20:58:55 | INFO     | core.supervisor | [SYSTEM] Registered evolution agent
2025-03-18 20:58:55 | INFO     | core.supervisor | [SYSTEM] Registered proximity agent
2025-03-18 20:58:55 | INFO     | core.supervisor | [SYSTEM] Registered meta_review agent
2025-03-18 20:58:55 | INFO     | core.supervisor | [SYSTEM] Supervisor agent started
2025-03-18 21:01:20 | INFO     | core.supervisor | [SYSTEM] Registered generation agent
2025-03-18 21:01:20 | INFO     | core.supervisor | [SYSTEM] Registered reflection agent
2025-03-18 21:01:20 | INFO     | core.supervisor | [SYSTEM] Registered ranking agent
2025-03-18 21:01:20 | INFO     | core.supervisor | [SYSTEM] Registered evolution agent
2025-03-18 21:01:20 | INFO     | core.supervisor | [SYSTEM] Registered proximity agent
2025-03-18 21:01:20 | INFO     | core.supervisor | [SYSTEM] Registered meta_review agent
2025-03-18 21:01:20 | INFO     | core.supervisor | [SYSTEM] Supervisor agent started
2025-03-18 21:07:50 | INFO     | core.supervisor | [SYSTEM] Registered generation agent
2025-03-18 21:07:50 | INFO     | core.supervisor | [SYSTEM] Registered reflection agent
2025-03-18 21:07:50 | INFO     | core.supervisor | [SYSTEM] Registered ranking agent
2025-03-18 21:07:50 | INFO     | core.supervisor | [SYSTEM] Registered evolution agent
2025-03-18 21:07:50 | INFO     | core.supervisor | [SYSTEM] Registered proximity agent
2025-03-18 21:07:50 | INFO     | core.supervisor | [SYSTEM] Registered meta_review agent
2025-03-18 21:07:50 | INFO     | core.supervisor | [SYSTEM] Supervisor agent started
2025-03-18 21:10:22 | INFO     | core.supervisor | [SYSTEM] Registered generation agent
2025-03-18 21:10:22 | INFO     | core.supervisor | [SYSTEM] Registered reflection agent
2025-03-18 21:10:22 | INFO     | core.supervisor | [SYSTEM] Registered ranking agent
2025-03-18 21:10:22 | INFO     | core.supervisor | [SYSTEM] Registered evolution agent
2025-03-18 21:10:22 | INFO     | core.supervisor | [SYSTEM] Registered proximity agent
2025-03-18 21:10:22 | INFO     | core.supervisor | [SYSTEM] Registered meta_review agent
2025-03-18 21:10:22 | INFO     | core.supervisor | [SYSTEM] Supervisor agent started
