2025-03-19 05:49:11 | INFO     | core.supervisor | [SYSTEM] Registered generation agent
2025-03-19 05:49:11 | INFO     | core.supervisor | [SYSTEM] Registered reflection agent
2025-03-19 05:49:11 | INFO     | core.supervisor | [SYSTEM] Registered ranking agent
2025-03-19 05:49:11 | INFO     | core.supervisor | [SYSTEM] Registered evolution agent
2025-03-19 05:49:11 | INFO     | core.supervisor | [SYSTEM] Registered proximity agent
2025-03-19 05:49:11 | INFO     | core.supervisor | [SYSTEM] Registered meta_review agent
2025-03-19 05:49:11 | INFO     | core.supervisor | [SYSTEM] Supervisor agent started
2025-03-19 05:53:46 | INFO     | core.supervisor | [SYSTEM] Registered generation agent
2025-03-19 05:53:46 | INFO     | core.supervisor | [SYSTEM] Registered reflection agent
2025-03-19 05:53:46 | INFO     | core.supervisor | [SYSTEM] Registered ranking agent
2025-03-19 05:53:46 | INFO     | core.supervisor | [SYSTEM] Registered evolution agent
2025-03-19 05:53:46 | INFO     | core.supervisor | [SYSTEM] Registered proximity agent
2025-03-19 05:53:46 | INFO     | core.supervisor | [SYSTEM] Registered meta_review agent
2025-03-19 05:53:46 | INFO     | core.supervisor | [SYSTEM] Supervisor agent started
2025-03-19 05:57:27 | INFO     | core.supervisor | [SYSTEM] Registered generation agent
2025-03-19 05:57:27 | INFO     | core.supervisor | [SYSTEM] Registered reflection agent
2025-03-19 05:57:27 | INFO     | core.supervisor | [SYSTEM] Registered ranking agent
2025-03-19 05:57:27 | INFO     | core.supervisor | [SYSTEM] Registered evolution agent
2025-03-19 05:57:27 | INFO     | core.supervisor | [SYSTEM] Registered proximity agent
2025-03-19 05:57:27 | INFO     | core.supervisor | [SYSTEM] Registered meta_review agent
2025-03-19 05:57:27 | INFO     | core.supervisor | [SYSTEM] Supervisor agent started
2025-03-19 06:02:18 | INFO     | core.supervisor | [SYSTEM] Registered generation agent
2025-03-19 06:02:18 | INFO     | core.supervisor | [SYSTEM] Registered reflection agent
2025-03-19 06:02:18 | INFO     | core.supervisor | [SYSTEM] Registered ranking agent
2025-03-19 06:02:18 | INFO     | core.supervisor | [SYSTEM] Registered evolution agent
2025-03-19 06:02:18 | INFO     | core.supervisor | [SYSTEM] Registered proximity agent
2025-03-19 06:02:18 | INFO     | core.supervisor | [SYSTEM] Registered meta_review agent
2025-03-19 06:02:18 | INFO     | core.supervisor | [SYSTEM] Supervisor agent started
2025-03-19 06:06:21 | INFO     | core.supervisor | [SYSTEM] Registered generation agent
2025-03-19 06:06:21 | INFO     | core.supervisor | [SYSTEM] Registered reflection agent
2025-03-19 06:06:21 | INFO     | core.supervisor | [SYSTEM] Registered ranking agent
2025-03-19 06:06:21 | INFO     | core.supervisor | [SYSTEM] Registered evolution agent
2025-03-19 06:06:21 | INFO     | core.supervisor | [SYSTEM] Registered proximity agent
2025-03-19 06:06:21 | INFO     | core.supervisor | [SYSTEM] Registered meta_review agent
2025-03-19 06:06:21 | INFO     | core.supervisor | [SYSTEM] Supervisor agent started
2025-03-19 06:09:38 | INFO     | core.supervisor | [SYSTEM] Registered generation agent
2025-03-19 06:09:38 | INFO     | core.supervisor | [SYSTEM] Registered reflection agent
2025-03-19 06:09:38 | INFO     | core.supervisor | [SYSTEM] Registered ranking agent
2025-03-19 06:09:38 | INFO     | core.supervisor | [SYSTEM] Registered evolution agent
2025-03-19 06:09:38 | INFO     | core.supervisor | [SYSTEM] Registered proximity agent
2025-03-19 06:09:38 | INFO     | core.supervisor | [SYSTEM] Registered meta_review agent
2025-03-19 06:09:38 | INFO     | core.supervisor | [SYSTEM] Supervisor agent started
2025-03-19 06:11:43 | INFO     | core.supervisor | [SYSTEM] Registered generation agent
2025-03-19 06:11:44 | INFO     | core.supervisor | [SYSTEM] Registered reflection agent
2025-03-19 06:11:44 | INFO     | core.supervisor | [SYSTEM] Registered ranking agent
2025-03-19 06:11:44 | INFO     | core.supervisor | [SYSTEM] Registered evolution agent
2025-03-19 06:11:44 | INFO     | core.supervisor | [SYSTEM] Registered proximity agent
2025-03-19 06:11:44 | INFO     | core.supervisor | [SYSTEM] Registered meta_review agent
2025-03-19 06:11:44 | INFO     | core.supervisor | [SYSTEM] Supervisor agent started
2025-03-19 06:12:33 | INFO     | core.supervisor | [SYSTEM] Registered generation agent
2025-03-19 06:12:33 | INFO     | core.supervisor | [SYSTEM] Registered reflection agent
2025-03-19 06:12:33 | INFO     | core.supervisor | [SYSTEM] Registered ranking agent
2025-03-19 06:12:33 | INFO     | core.supervisor | [SYSTEM] Registered evolution agent
2025-03-19 06:12:33 | INFO     | core.supervisor | [SYSTEM] Registered proximity agent
2025-03-19 06:12:33 | INFO     | core.supervisor | [SYSTEM] Registered meta_review agent
2025-03-19 06:12:33 | INFO     | core.supervisor | [SYSTEM] Supervisor agent started
2025-03-19 06:13:35 | INFO     | core.supervisor | [SYSTEM] Registered generation agent
2025-03-19 06:13:35 | INFO     | core.supervisor | [SYSTEM] Registered reflection agent
2025-03-19 06:13:35 | INFO     | core.supervisor | [SYSTEM] Registered ranking agent
2025-03-19 06:13:35 | INFO     | core.supervisor | [SYSTEM] Registered evolution agent
2025-03-19 06:13:35 | INFO     | core.supervisor | [SYSTEM] Registered proximity agent
2025-03-19 06:13:35 | INFO     | core.supervisor | [SYSTEM] Registered meta_review agent
2025-03-19 06:13:35 | INFO     | core.supervisor | [SYSTEM] Supervisor agent started
2025-03-19 06:14:15 | INFO     | core.supervisor | [SYSTEM] Registered generation agent
2025-03-19 06:14:15 | INFO     | core.supervisor | [SYSTEM] Registered reflection agent
2025-03-19 06:14:15 | INFO     | core.supervisor | [SYSTEM] Registered ranking agent
2025-03-19 06:14:15 | INFO     | core.supervisor | [SYSTEM] Registered evolution agent
2025-03-19 06:14:15 | INFO     | core.supervisor | [SYSTEM] Registered proximity agent
2025-03-19 06:14:15 | INFO     | core.supervisor | [SYSTEM] Registered meta_review agent
2025-03-19 06:14:15 | INFO     | core.supervisor | [SYSTEM] Supervisor agent started
2025-03-19 06:15:12 | INFO     | core.supervisor | [SYSTEM] Registered generation agent
2025-03-19 06:15:12 | INFO     | core.supervisor | [SYSTEM] Registered reflection agent
2025-03-19 06:15:12 | INFO     | core.supervisor | [SYSTEM] Registered ranking agent
2025-03-19 06:15:12 | INFO     | core.supervisor | [SYSTEM] Registered evolution agent
2025-03-19 06:15:12 | INFO     | core.supervisor | [SYSTEM] Registered proximity agent
2025-03-19 06:15:12 | INFO     | core.supervisor | [SYSTEM] Registered meta_review agent
2025-03-19 06:15:12 | INFO     | core.supervisor | [SYSTEM] Supervisor agent started
2025-03-19 06:16:02 | INFO     | core.supervisor | [SYSTEM] Registered generation agent
2025-03-19 06:16:02 | INFO     | core.supervisor | [SYSTEM] Registered reflection agent
2025-03-19 06:16:02 | INFO     | core.supervisor | [SYSTEM] Registered ranking agent
2025-03-19 06:16:02 | INFO     | core.supervisor | [SYSTEM] Registered evolution agent
2025-03-19 06:16:02 | INFO     | core.supervisor | [SYSTEM] Registered proximity agent
2025-03-19 06:16:02 | INFO     | core.supervisor | [SYSTEM] Registered meta_review agent
2025-03-19 06:16:02 | INFO     | core.supervisor | [SYSTEM] Supervisor agent started
2025-03-19 06:17:04 | INFO     | core.supervisor | [SYSTEM] Registered generation agent
2025-03-19 06:17:04 | INFO     | core.supervisor | [SYSTEM] Registered reflection agent
2025-03-19 06:17:04 | INFO     | core.supervisor | [SYSTEM] Registered ranking agent
2025-03-19 06:17:04 | INFO     | core.supervisor | [SYSTEM] Registered evolution agent
2025-03-19 06:17:04 | INFO     | core.supervisor | [SYSTEM] Registered proximity agent
2025-03-19 06:17:04 | INFO     | core.supervisor | [SYSTEM] Registered meta_review agent
2025-03-19 06:17:04 | INFO     | core.supervisor | [SYSTEM] Supervisor agent started
2025-03-19 06:21:31 | INFO     | core.supervisor | [SYSTEM] Supervisor agent stopped
2025-03-19 06:21:39 | INFO     | core.supervisor | [SYSTEM] Registered generation agent
2025-03-19 06:21:39 | INFO     | core.supervisor | [SYSTEM] Registered reflection agent
2025-03-19 06:21:39 | INFO     | core.supervisor | [SYSTEM] Registered ranking agent
2025-03-19 06:21:39 | INFO     | core.supervisor | [SYSTEM] Registered evolution agent
2025-03-19 06:21:39 | INFO     | core.supervisor | [SYSTEM] Registered proximity agent
2025-03-19 06:21:39 | INFO     | core.supervisor | [SYSTEM] Registered meta_review agent
2025-03-19 06:21:39 | INFO     | core.supervisor | [SYSTEM] Supervisor agent started
2025-03-19 06:23:43 | INFO     | core.supervisor | [SYSTEM] Supervisor agent stopped
2025-03-19 06:23:49 | INFO     | core.supervisor | [SYSTEM] Registered generation agent
2025-03-19 06:23:49 | INFO     | core.supervisor | [SYSTEM] Registered reflection agent
2025-03-19 06:23:49 | INFO     | core.supervisor | [SYSTEM] Registered ranking agent
2025-03-19 06:23:49 | INFO     | core.supervisor | [SYSTEM] Registered evolution agent
2025-03-19 06:23:49 | INFO     | core.supervisor | [SYSTEM] Registered proximity agent
2025-03-19 06:23:49 | INFO     | core.supervisor | [SYSTEM] Registered meta_review agent
2025-03-19 06:23:49 | INFO     | core.supervisor | [SYSTEM] Supervisor agent started
2025-03-19 06:25:55 | INFO     | core.supervisor | [SYSTEM] Supervisor agent stopped
2025-03-19 06:26:02 | INFO     | core.supervisor | [SYSTEM] Registered generation agent
2025-03-19 06:26:02 | INFO     | core.supervisor | [SYSTEM] Registered reflection agent
2025-03-19 06:26:02 | INFO     | core.supervisor | [SYSTEM] Registered ranking agent
2025-03-19 06:26:02 | INFO     | core.supervisor | [SYSTEM] Registered evolution agent
2025-03-19 06:26:02 | INFO     | core.supervisor | [SYSTEM] Registered proximity agent
2025-03-19 06:26:02 | INFO     | core.supervisor | [SYSTEM] Registered meta_review agent
2025-03-19 06:26:02 | INFO     | core.supervisor | [SYSTEM] Supervisor agent started
2025-03-19 06:27:11 | INFO     | core.supervisor | [SYSTEM] Supervisor agent stopped
2025-03-19 06:27:17 | INFO     | core.supervisor | [SYSTEM] Registered generation agent
2025-03-19 06:27:17 | INFO     | core.supervisor | [SYSTEM] Registered reflection agent
2025-03-19 06:27:17 | INFO     | core.supervisor | [SYSTEM] Registered ranking agent
2025-03-19 06:27:17 | INFO     | core.supervisor | [SYSTEM] Registered evolution agent
2025-03-19 06:27:17 | INFO     | core.supervisor | [SYSTEM] Registered proximity agent
2025-03-19 06:27:17 | INFO     | core.supervisor | [SYSTEM] Registered meta_review agent
2025-03-19 06:27:17 | INFO     | core.supervisor | [SYSTEM] Supervisor agent started
2025-03-19 06:30:14 | INFO     | core.supervisor | [SYSTEM] Supervisor agent stopped
2025-03-19 06:30:20 | INFO     | core.supervisor | [SYSTEM] Registered generation agent
2025-03-19 06:30:20 | INFO     | core.supervisor | [SYSTEM] Registered reflection agent
2025-03-19 06:30:20 | INFO     | core.supervisor | [SYSTEM] Registered ranking agent
2025-03-19 06:30:20 | INFO     | core.supervisor | [SYSTEM] Registered evolution agent
2025-03-19 06:30:20 | INFO     | core.supervisor | [SYSTEM] Registered proximity agent
2025-03-19 06:30:20 | INFO     | core.supervisor | [SYSTEM] Registered meta_review agent
2025-03-19 06:30:20 | INFO     | core.supervisor | [SYSTEM] Supervisor agent started
2025-03-19 06:32:46 | INFO     | core.supervisor | [SYSTEM] Supervisor agent stopped
2025-03-19 06:32:54 | INFO     | core.supervisor | [SYSTEM] Registered generation agent
2025-03-19 06:32:54 | INFO     | core.supervisor | [SYSTEM] Registered reflection agent
2025-03-19 06:32:54 | INFO     | core.supervisor | [SYSTEM] Registered ranking agent
2025-03-19 06:32:54 | INFO     | core.supervisor | [SYSTEM] Registered evolution agent
2025-03-19 06:32:54 | INFO     | core.supervisor | [SYSTEM] Registered proximity agent
2025-03-19 06:32:54 | INFO     | core.supervisor | [SYSTEM] Registered meta_review agent
2025-03-19 06:32:54 | INFO     | core.supervisor | [SYSTEM] Supervisor agent started
2025-03-19 06:34:47 | INFO     | core.supervisor | [SYSTEM] Supervisor agent stopped
2025-03-19 06:34:55 | INFO     | core.supervisor | [SYSTEM] Registered generation agent
2025-03-19 06:34:55 | INFO     | core.supervisor | [SYSTEM] Registered reflection agent
2025-03-19 06:34:55 | INFO     | core.supervisor | [SYSTEM] Registered ranking agent
2025-03-19 06:34:55 | INFO     | core.supervisor | [SYSTEM] Registered evolution agent
2025-03-19 06:34:55 | INFO     | core.supervisor | [SYSTEM] Registered proximity agent
2025-03-19 06:34:55 | INFO     | core.supervisor | [SYSTEM] Registered meta_review agent
2025-03-19 06:34:55 | INFO     | core.supervisor | [SYSTEM] Supervisor agent started
2025-03-19 06:36:50 | INFO     | core.supervisor | [SYSTEM] Supervisor agent stopped
2025-03-19 06:36:58 | INFO     | core.supervisor | [SYSTEM] Registered generation agent
2025-03-19 06:36:58 | INFO     | core.supervisor | [SYSTEM] Registered reflection agent
2025-03-19 06:36:58 | INFO     | core.supervisor | [SYSTEM] Registered ranking agent
2025-03-19 06:36:58 | INFO     | core.supervisor | [SYSTEM] Registered evolution agent
2025-03-19 06:36:58 | INFO     | core.supervisor | [SYSTEM] Registered proximity agent
2025-03-19 06:36:58 | INFO     | core.supervisor | [SYSTEM] Registered meta_review agent
2025-03-19 06:36:58 | INFO     | core.supervisor | [SYSTEM] Supervisor agent started
2025-03-19 06:37:56 | INFO     | core.supervisor | [SYSTEM] Supervisor agent stopped
2025-03-19 06:38:04 | INFO     | core.supervisor | [SYSTEM] Registered generation agent
2025-03-19 06:38:04 | INFO     | core.supervisor | [SYSTEM] Registered reflection agent
2025-03-19 06:38:04 | INFO     | core.supervisor | [SYSTEM] Registered ranking agent
2025-03-19 06:38:04 | INFO     | core.supervisor | [SYSTEM] Registered evolution agent
2025-03-19 06:38:04 | INFO     | core.supervisor | [SYSTEM] Registered proximity agent
2025-03-19 06:38:04 | INFO     | core.supervisor | [SYSTEM] Registered meta_review agent
2025-03-19 06:38:04 | INFO     | core.supervisor | [SYSTEM] Supervisor agent started
2025-03-19 07:01:14 | INFO     | core.supervisor | [SYSTEM] Supervisor agent stopped
2025-03-19 07:01:26 | INFO     | core.supervisor | [SYSTEM] Registered generation agent
2025-03-19 07:01:26 | INFO     | core.supervisor | [SYSTEM] Registered reflection agent
2025-03-19 07:01:26 | INFO     | core.supervisor | [SYSTEM] Registered ranking agent
2025-03-19 07:01:26 | INFO     | core.supervisor | [SYSTEM] Registered evolution agent
2025-03-19 07:01:26 | INFO     | core.supervisor | [SYSTEM] Registered proximity agent
2025-03-19 07:01:26 | INFO     | core.supervisor | [SYSTEM] Registered meta_review agent
2025-03-19 07:01:26 | INFO     | core.supervisor | [SYSTEM] Supervisor agent started
2025-03-19 07:02:44 | INFO     | core.supervisor | [SYSTEM] Supervisor agent stopped
2025-03-19 13:16:11 | INFO     | core.supervisor | [SYSTEM] Registered generation agent
2025-03-19 13:16:11 | INFO     | core.supervisor | [SYSTEM] Registered reflection agent
2025-03-19 13:16:11 | INFO     | core.supervisor | [SYSTEM] Registered ranking agent
2025-03-19 13:16:11 | INFO     | core.supervisor | [SYSTEM] Registered evolution agent
2025-03-19 13:16:11 | INFO     | core.supervisor | [SYSTEM] Registered proximity agent
2025-03-19 13:16:11 | INFO     | core.supervisor | [SYSTEM] Registered meta_review agent
2025-03-19 13:16:11 | INFO     | core.supervisor | [SYSTEM] Supervisor agent started
2025-03-19 13:20:22 | INFO     | core.supervisor | [SYSTEM] Supervisor agent stopped
2025-03-19 13:20:32 | INFO     | core.supervisor | [SYSTEM] Registered generation agent
2025-03-19 13:20:32 | INFO     | core.supervisor | [SYSTEM] Registered reflection agent
2025-03-19 13:20:32 | INFO     | core.supervisor | [SYSTEM] Registered ranking agent
2025-03-19 13:20:32 | INFO     | core.supervisor | [SYSTEM] Registered evolution agent
2025-03-19 13:20:32 | INFO     | core.supervisor | [SYSTEM] Registered proximity agent
2025-03-19 13:20:32 | INFO     | core.supervisor | [SYSTEM] Registered meta_review agent
2025-03-19 13:20:32 | INFO     | core.supervisor | [SYSTEM] Supervisor agent started
2025-03-19 13:22:53 | INFO     | core.supervisor | [SYSTEM] Supervisor agent stopped
2025-03-19 13:23:34 | INFO     | core.supervisor | [SYSTEM] Registered generation agent
2025-03-19 13:23:34 | INFO     | core.supervisor | [SYSTEM] Registered reflection agent
2025-03-19 13:23:34 | INFO     | core.supervisor | [SYSTEM] Registered ranking agent
2025-03-19 13:23:34 | INFO     | core.supervisor | [SYSTEM] Registered evolution agent
2025-03-19 13:23:34 | INFO     | core.supervisor | [SYSTEM] Registered proximity agent
2025-03-19 13:23:34 | INFO     | core.supervisor | [SYSTEM] Registered meta_review agent
2025-03-19 13:23:34 | INFO     | core.supervisor | [SYSTEM] Supervisor agent started
2025-03-19 13:26:44 | INFO     | core.supervisor | [SYSTEM] Supervisor agent stopped
2025-03-19 13:29:58 | INFO     | core.supervisor | [SYSTEM] Registered generation agent
2025-03-19 13:29:58 | INFO     | core.supervisor | [SYSTEM] Registered reflection agent
2025-03-19 13:29:58 | INFO     | core.supervisor | [SYSTEM] Registered ranking agent
2025-03-19 13:29:58 | INFO     | core.supervisor | [SYSTEM] Registered evolution agent
2025-03-19 13:29:58 | INFO     | core.supervisor | [SYSTEM] Registered proximity agent
2025-03-19 13:29:58 | INFO     | core.supervisor | [SYSTEM] Registered meta_review agent
2025-03-19 13:29:58 | INFO     | core.supervisor | [SYSTEM] Supervisor agent started
2025-03-19 13:50:49 | INFO     | core.supervisor | [SYSTEM] Supervisor agent stopped
2025-03-19 13:50:59 | INFO     | core.supervisor | [SYSTEM] Registered generation agent
2025-03-19 13:50:59 | INFO     | core.supervisor | [SYSTEM] Registered reflection agent
2025-03-19 13:50:59 | INFO     | core.supervisor | [SYSTEM] Registered ranking agent
2025-03-19 13:50:59 | INFO     | core.supervisor | [SYSTEM] Registered evolution agent
2025-03-19 13:50:59 | INFO     | core.supervisor | [SYSTEM] Registered proximity agent
2025-03-19 13:50:59 | INFO     | core.supervisor | [SYSTEM] Registered meta_review agent
2025-03-19 13:50:59 | INFO     | core.supervisor | [SYSTEM] Supervisor agent started
2025-03-19 13:51:30 | INFO     | core.supervisor | [SYSTEM] Supervisor agent stopped
2025-03-19 13:57:56 | INFO     | core.supervisor | [SYSTEM] Registered generation agent
2025-03-19 13:57:56 | INFO     | core.supervisor | [SYSTEM] Registered reflection agent
2025-03-19 13:57:56 | INFO     | core.supervisor | [SYSTEM] Registered ranking agent
2025-03-19 13:57:56 | INFO     | core.supervisor | [SYSTEM] Registered evolution agent
2025-03-19 13:57:56 | INFO     | core.supervisor | [SYSTEM] Registered proximity agent
2025-03-19 13:57:56 | INFO     | core.supervisor | [SYSTEM] Registered meta_review agent
2025-03-19 13:57:56 | INFO     | core.supervisor | [SYSTEM] Supervisor agent started
2025-03-19 14:03:28 | INFO     | core.supervisor | [SYSTEM] Supervisor agent stopped
2025-03-19 14:03:37 | INFO     | core.supervisor | [SYSTEM] Registered generation agent
2025-03-19 14:03:37 | INFO     | core.supervisor | [SYSTEM] Registered reflection agent
2025-03-19 14:03:37 | INFO     | core.supervisor | [SYSTEM] Registered ranking agent
2025-03-19 14:03:37 | INFO     | core.supervisor | [SYSTEM] Registered evolution agent
2025-03-19 14:03:37 | INFO     | core.supervisor | [SYSTEM] Registered proximity agent
2025-03-19 14:03:37 | INFO     | core.supervisor | [SYSTEM] Registered meta_review agent
2025-03-19 14:03:37 | INFO     | core.supervisor | [SYSTEM] Supervisor agent started
2025-03-19 14:05:30 | INFO     | core.supervisor | [SYSTEM] Supervisor agent stopped
2025-03-19 14:05:38 | INFO     | core.supervisor | [SYSTEM] Registered generation agent
2025-03-19 14:05:38 | INFO     | core.supervisor | [SYSTEM] Registered reflection agent
2025-03-19 14:05:38 | INFO     | core.supervisor | [SYSTEM] Registered ranking agent
2025-03-19 14:05:38 | INFO     | core.supervisor | [SYSTEM] Registered evolution agent
2025-03-19 14:05:38 | INFO     | core.supervisor | [SYSTEM] Registered proximity agent
2025-03-19 14:05:38 | INFO     | core.supervisor | [SYSTEM] Registered meta_review agent
2025-03-19 14:05:38 | INFO     | core.supervisor | [SYSTEM] Supervisor agent started
2025-03-19 14:08:17 | INFO     | core.supervisor | [SYSTEM] Supervisor agent stopped
2025-03-19 14:08:27 | INFO     | core.supervisor | [SYSTEM] Registered generation agent
2025-03-19 14:08:27 | INFO     | core.supervisor | [SYSTEM] Registered reflection agent
2025-03-19 14:08:27 | INFO     | core.supervisor | [SYSTEM] Registered ranking agent
2025-03-19 14:08:27 | INFO     | core.supervisor | [SYSTEM] Registered evolution agent
2025-03-19 14:08:27 | INFO     | core.supervisor | [SYSTEM] Registered proximity agent
2025-03-19 14:08:27 | INFO     | core.supervisor | [SYSTEM] Registered meta_review agent
2025-03-19 14:08:27 | INFO     | core.supervisor | [SYSTEM] Supervisor agent started
2025-03-19 14:10:45 | INFO     | core.supervisor | [SYSTEM] Supervisor agent stopped
2025-03-19 14:10:54 | INFO     | core.supervisor | [SYSTEM] Registered generation agent
2025-03-19 14:10:54 | INFO     | core.supervisor | [SYSTEM] Registered reflection agent
2025-03-19 14:10:54 | INFO     | core.supervisor | [SYSTEM] Registered ranking agent
2025-03-19 14:10:54 | INFO     | core.supervisor | [SYSTEM] Registered evolution agent
2025-03-19 14:10:54 | INFO     | core.supervisor | [SYSTEM] Registered proximity agent
2025-03-19 14:10:54 | INFO     | core.supervisor | [SYSTEM] Registered meta_review agent
2025-03-19 14:10:54 | INFO     | core.supervisor | [SYSTEM] Supervisor agent started
2025-03-19 14:17:11 | INFO     | core.supervisor | [SYSTEM] Supervisor agent stopped
2025-03-19 14:17:21 | INFO     | core.supervisor | [SYSTEM] Registered generation agent
2025-03-19 14:17:21 | INFO     | core.supervisor | [SYSTEM] Registered reflection agent
2025-03-19 14:17:21 | INFO     | core.supervisor | [SYSTEM] Registered ranking agent
2025-03-19 14:17:21 | INFO     | core.supervisor | [SYSTEM] Registered evolution agent
2025-03-19 14:17:21 | INFO     | core.supervisor | [SYSTEM] Registered proximity agent
2025-03-19 14:17:21 | INFO     | core.supervisor | [SYSTEM] Registered meta_review agent
2025-03-19 14:17:21 | INFO     | core.supervisor | [SYSTEM] Supervisor agent started
2025-03-19 14:20:58 | INFO     | core.supervisor | [SYSTEM] Supervisor agent stopped
2025-03-19 14:21:08 | INFO     | core.supervisor | [SYSTEM] Registered generation agent
2025-03-19 14:21:08 | INFO     | core.supervisor | [SYSTEM] Registered reflection agent
2025-03-19 14:21:08 | INFO     | core.supervisor | [SYSTEM] Registered ranking agent
2025-03-19 14:21:08 | INFO     | core.supervisor | [SYSTEM] Registered evolution agent
2025-03-19 14:21:08 | INFO     | core.supervisor | [SYSTEM] Registered proximity agent
2025-03-19 14:21:08 | INFO     | core.supervisor | [SYSTEM] Registered meta_review agent
2025-03-19 14:21:08 | INFO     | core.supervisor | [SYSTEM] Supervisor agent started
2025-03-19 14:30:30 | INFO     | core.supervisor | [SYSTEM] Supervisor agent stopped
2025-03-19 14:39:25 | INFO     | core.supervisor | [SYSTEM] Registered generation agent
2025-03-19 14:39:25 | INFO     | core.supervisor | [SYSTEM] Registered reflection agent
2025-03-19 14:39:25 | INFO     | core.supervisor | [SYSTEM] Registered ranking agent
2025-03-19 14:39:25 | INFO     | core.supervisor | [SYSTEM] Registered evolution agent
2025-03-19 14:39:25 | INFO     | core.supervisor | [SYSTEM] Registered proximity agent
2025-03-19 14:39:25 | INFO     | core.supervisor | [SYSTEM] Registered meta_review agent
2025-03-19 14:39:25 | INFO     | core.supervisor | [SYSTEM] Supervisor agent started
2025-03-19 14:44:40 | INFO     | core.supervisor | [SYSTEM] Supervisor agent stopped
2025-03-19 14:44:48 | INFO     | core.supervisor | [SYSTEM] Registered generation agent
2025-03-19 14:44:48 | INFO     | core.supervisor | [SYSTEM] Registered reflection agent
2025-03-19 14:44:48 | INFO     | core.supervisor | [SYSTEM] Registered ranking agent
2025-03-19 14:44:48 | INFO     | core.supervisor | [SYSTEM] Registered evolution agent
2025-03-19 14:44:48 | INFO     | core.supervisor | [SYSTEM] Registered proximity agent
2025-03-19 14:44:48 | INFO     | core.supervisor | [SYSTEM] Registered meta_review agent
2025-03-19 14:44:48 | INFO     | core.supervisor | [SYSTEM] Supervisor agent started
2025-03-19 14:50:05 | INFO     | core.supervisor | [SYSTEM] Supervisor agent stopped
2025-03-19 14:50:12 | INFO     | core.supervisor | [SYSTEM] Registered generation agent
2025-03-19 14:50:12 | INFO     | core.supervisor | [SYSTEM] Registered reflection agent
2025-03-19 14:50:12 | INFO     | core.supervisor | [SYSTEM] Registered ranking agent
2025-03-19 14:50:12 | INFO     | core.supervisor | [SYSTEM] Registered evolution agent
2025-03-19 14:50:12 | INFO     | core.supervisor | [SYSTEM] Registered proximity agent
2025-03-19 14:50:12 | INFO     | core.supervisor | [SYSTEM] Registered meta_review agent
2025-03-19 14:50:12 | INFO     | core.supervisor | [SYSTEM] Supervisor agent started
2025-03-19 14:53:09 | INFO     | core.supervisor | [SYSTEM] Supervisor agent stopped
2025-03-19 14:54:20 | INFO     | core.supervisor | [SYSTEM] Registered generation agent
2025-03-19 14:54:20 | INFO     | core.supervisor | [SYSTEM] Registered reflection agent
2025-03-19 14:54:20 | INFO     | core.supervisor | [SYSTEM] Registered ranking agent
2025-03-19 14:54:20 | INFO     | core.supervisor | [SYSTEM] Registered evolution agent
2025-03-19 14:54:20 | INFO     | core.supervisor | [SYSTEM] Registered proximity agent
2025-03-19 14:54:20 | INFO     | core.supervisor | [SYSTEM] Registered meta_review agent
2025-03-19 14:54:20 | INFO     | core.supervisor | [SYSTEM] Supervisor agent started
2025-03-19 14:59:27 | INFO     | core.supervisor | [SYSTEM] Supervisor agent stopped
2025-03-19 15:00:03 | INFO     | core.supervisor | [SYSTEM] Registered generation agent
2025-03-19 15:00:03 | INFO     | core.supervisor | [SYSTEM] Registered reflection agent
2025-03-19 15:00:03 | INFO     | core.supervisor | [SYSTEM] Registered ranking agent
2025-03-19 15:00:03 | INFO     | core.supervisor | [SYSTEM] Registered evolution agent
2025-03-19 15:00:03 | INFO     | core.supervisor | [SYSTEM] Registered proximity agent
2025-03-19 15:00:03 | INFO     | core.supervisor | [SYSTEM] Registered meta_review agent
2025-03-19 15:00:03 | INFO     | core.supervisor | [SYSTEM] Supervisor agent started
2025-03-19 15:01:01 | INFO     | core.supervisor | [SYSTEM] Supervisor agent stopped
2025-03-19 15:02:37 | INFO     | core.supervisor | [SYSTEM] Registered generation agent
2025-03-19 15:02:37 | INFO     | core.supervisor | [SYSTEM] Registered reflection agent
2025-03-19 15:02:37 | INFO     | core.supervisor | [SYSTEM] Registered ranking agent
2025-03-19 15:02:37 | INFO     | core.supervisor | [SYSTEM] Registered evolution agent
2025-03-19 15:02:37 | INFO     | core.supervisor | [SYSTEM] Registered proximity agent
2025-03-19 15:02:37 | INFO     | core.supervisor | [SYSTEM] Registered meta_review agent
2025-03-19 15:02:37 | INFO     | core.supervisor | [SYSTEM] Supervisor agent started
2025-03-19 15:05:16 | INFO     | core.supervisor | [SYSTEM] Supervisor agent stopped
2025-03-19 15:30:03 | INFO     | core.supervisor | [SYSTEM] Registered generation agent
2025-03-19 15:30:03 | INFO     | core.supervisor | [SYSTEM] Registered reflection agent
2025-03-19 15:30:03 | INFO     | core.supervisor | [SYSTEM] Registered ranking agent
2025-03-19 15:30:03 | INFO     | core.supervisor | [SYSTEM] Registered evolution agent
2025-03-19 15:30:03 | INFO     | core.supervisor | [SYSTEM] Registered proximity agent
2025-03-19 15:30:03 | INFO     | core.supervisor | [SYSTEM] Registered meta_review agent
2025-03-19 15:30:03 | INFO     | core.supervisor | [SYSTEM] Supervisor agent started
2025-03-19 15:35:51 | INFO     | core.supervisor | [SYSTEM] Supervisor agent stopped
2025-03-19 15:35:57 | INFO     | core.supervisor | [SYSTEM] Registered generation agent
2025-03-19 15:35:57 | INFO     | core.supervisor | [SYSTEM] Registered reflection agent
2025-03-19 15:35:57 | INFO     | core.supervisor | [SYSTEM] Registered ranking agent
2025-03-19 15:35:57 | INFO     | core.supervisor | [SYSTEM] Registered evolution agent
2025-03-19 15:35:57 | INFO     | core.supervisor | [SYSTEM] Registered proximity agent
2025-03-19 15:35:57 | INFO     | core.supervisor | [SYSTEM] Registered meta_review agent
2025-03-19 15:35:57 | INFO     | core.supervisor | [SYSTEM] Supervisor agent started
2025-03-19 15:40:20 | INFO     | core.supervisor | [SYSTEM] Supervisor agent stopped
2025-03-19 15:40:27 | INFO     | core.supervisor | [SYSTEM] Registered generation agent
2025-03-19 15:40:27 | INFO     | core.supervisor | [SYSTEM] Registered reflection agent
2025-03-19 15:40:27 | INFO     | core.supervisor | [SYSTEM] Registered ranking agent
2025-03-19 15:40:27 | INFO     | core.supervisor | [SYSTEM] Registered evolution agent
2025-03-19 15:40:27 | INFO     | core.supervisor | [SYSTEM] Registered proximity agent
2025-03-19 15:40:27 | INFO     | core.supervisor | [SYSTEM] Registered meta_review agent
2025-03-19 15:40:27 | INFO     | core.supervisor | [SYSTEM] Supervisor agent started
2025-03-19 15:48:27 | INFO     | core.supervisor | [SYSTEM] Supervisor agent stopped
2025-03-19 15:48:38 | INFO     | core.supervisor | [SYSTEM] Registered generation agent
2025-03-19 15:48:38 | INFO     | core.supervisor | [SYSTEM] Registered reflection agent
2025-03-19 15:48:38 | INFO     | core.supervisor | [SYSTEM] Registered ranking agent
2025-03-19 15:48:38 | INFO     | core.supervisor | [SYSTEM] Registered evolution agent
2025-03-19 15:48:38 | INFO     | core.supervisor | [SYSTEM] Registered proximity agent
2025-03-19 15:48:38 | INFO     | core.supervisor | [SYSTEM] Registered meta_review agent
2025-03-19 15:48:38 | INFO     | core.supervisor | [SYSTEM] Supervisor agent started
2025-03-19 15:53:41 | INFO     | core.supervisor | [SYSTEM] Supervisor agent stopped
2025-03-19 15:53:49 | INFO     | core.supervisor | [SYSTEM] Registered generation agent
2025-03-19 15:53:49 | INFO     | core.supervisor | [SYSTEM] Registered reflection agent
2025-03-19 15:53:49 | INFO     | core.supervisor | [SYSTEM] Registered ranking agent
2025-03-19 15:53:49 | INFO     | core.supervisor | [SYSTEM] Registered evolution agent
2025-03-19 15:53:49 | INFO     | core.supervisor | [SYSTEM] Registered proximity agent
2025-03-19 15:53:49 | INFO     | core.supervisor | [SYSTEM] Registered meta_review agent
2025-03-19 15:53:49 | INFO     | core.supervisor | [SYSTEM] Supervisor agent started
2025-03-19 16:01:05 | INFO     | core.supervisor | [SYSTEM] Supervisor agent stopped
2025-03-19 16:01:13 | INFO     | core.supervisor | [SYSTEM] Registered generation agent
2025-03-19 16:01:13 | INFO     | core.supervisor | [SYSTEM] Registered reflection agent
2025-03-19 16:01:13 | INFO     | core.supervisor | [SYSTEM] Registered ranking agent
2025-03-19 16:01:13 | INFO     | core.supervisor | [SYSTEM] Registered evolution agent
2025-03-19 16:01:13 | INFO     | core.supervisor | [SYSTEM] Registered proximity agent
2025-03-19 16:01:13 | INFO     | core.supervisor | [SYSTEM] Registered meta_review agent
2025-03-19 16:01:13 | INFO     | core.supervisor | [SYSTEM] Supervisor agent started
2025-03-19 16:09:37 | INFO     | core.supervisor | [SYSTEM] Supervisor agent stopped
2025-03-19 16:09:45 | INFO     | core.supervisor | [SYSTEM] Registered generation agent
2025-03-19 16:09:45 | INFO     | core.supervisor | [SYSTEM] Registered reflection agent
2025-03-19 16:09:45 | INFO     | core.supervisor | [SYSTEM] Registered ranking agent
2025-03-19 16:09:45 | INFO     | core.supervisor | [SYSTEM] Registered evolution agent
2025-03-19 16:09:45 | INFO     | core.supervisor | [SYSTEM] Registered proximity agent
2025-03-19 16:09:45 | INFO     | core.supervisor | [SYSTEM] Registered meta_review agent
2025-03-19 16:09:45 | INFO     | core.supervisor | [SYSTEM] Supervisor agent started
2025-03-19 16:29:06 | INFO     | core.supervisor | [SYSTEM] Supervisor agent stopped
2025-03-19 16:29:28 | INFO     | core.supervisor | [SYSTEM] Registered generation agent
2025-03-19 16:29:28 | INFO     | core.supervisor | [SYSTEM] Registered reflection agent
2025-03-19 16:29:28 | INFO     | core.supervisor | [SYSTEM] Registered ranking agent
2025-03-19 16:29:28 | INFO     | core.supervisor | [SYSTEM] Registered evolution agent
2025-03-19 16:29:28 | INFO     | core.supervisor | [SYSTEM] Registered proximity agent
2025-03-19 16:29:28 | INFO     | core.supervisor | [SYSTEM] Registered meta_review agent
2025-03-19 16:29:28 | INFO     | core.supervisor | [SYSTEM] Supervisor agent started
2025-03-19 16:48:57 | INFO     | core.supervisor | [SYSTEM] Supervisor agent stopped
2025-03-19 16:50:05 | INFO     | core.supervisor | [SYSTEM] Registered generation agent
2025-03-19 16:50:05 | INFO     | core.supervisor | [SYSTEM] Registered reflection agent
2025-03-19 16:50:05 | INFO     | core.supervisor | [SYSTEM] Registered ranking agent
2025-03-19 16:50:05 | INFO     | core.supervisor | [SYSTEM] Registered evolution agent
2025-03-19 16:50:05 | INFO     | core.supervisor | [SYSTEM] Registered proximity agent
2025-03-19 16:50:05 | INFO     | core.supervisor | [SYSTEM] Registered meta_review agent
2025-03-19 16:50:05 | INFO     | core.supervisor | [SYSTEM] Supervisor agent started
2025-03-19 17:13:12 | INFO     | core.supervisor | [SYSTEM] Registered generation agent
2025-03-19 17:13:12 | INFO     | core.supervisor | [SYSTEM] Registered reflection agent
2025-03-19 17:13:12 | INFO     | core.supervisor | [SYSTEM] Registered ranking agent
2025-03-19 17:13:12 | INFO     | core.supervisor | [SYSTEM] Registered evolution agent
2025-03-19 17:13:12 | INFO     | core.supervisor | [SYSTEM] Registered proximity agent
2025-03-19 17:13:12 | INFO     | core.supervisor | [SYSTEM] Registered meta_review agent
2025-03-19 17:13:12 | INFO     | core.supervisor | [SYSTEM] Supervisor agent started
2025-03-19 17:18:20 | INFO     | core.supervisor | [SYSTEM] Supervisor agent stopped
2025-03-19 17:35:02 | INFO     | core.supervisor | [SYSTEM] Registered generation agent
2025-03-19 17:35:02 | INFO     | core.supervisor | [SYSTEM] Registered reflection agent
2025-03-19 17:35:02 | INFO     | core.supervisor | [SYSTEM] Registered ranking agent
2025-03-19 17:35:02 | INFO     | core.supervisor | [SYSTEM] Registered evolution agent
2025-03-19 17:35:02 | INFO     | core.supervisor | [SYSTEM] Registered proximity agent
2025-03-19 17:35:02 | INFO     | core.supervisor | [SYSTEM] Registered meta_review agent
2025-03-19 17:35:02 | INFO     | core.supervisor | [SYSTEM] Supervisor agent started
2025-03-19 17:35:21 | INFO     | core.supervisor | [SYSTEM] Registered generation agent
2025-03-19 17:35:21 | INFO     | core.supervisor | [SYSTEM] Registered reflection agent
2025-03-19 17:35:21 | INFO     | core.supervisor | [SYSTEM] Registered ranking agent
2025-03-19 17:35:21 | INFO     | core.supervisor | [SYSTEM] Registered evolution agent
2025-03-19 17:35:21 | INFO     | core.supervisor | [SYSTEM] Registered proximity agent
2025-03-19 17:35:21 | INFO     | core.supervisor | [SYSTEM] Registered meta_review agent
2025-03-19 17:35:21 | INFO     | core.supervisor | [SYSTEM] Supervisor agent started
2025-03-19 17:35:21 | INFO     | core.supervisor | [SYSTEM] Registered generation agent
2025-03-19 17:35:21 | INFO     | core.supervisor | [SYSTEM] Registered reflection agent
2025-03-19 17:35:21 | INFO     | core.supervisor | [SYSTEM] Registered ranking agent
2025-03-19 17:35:21 | INFO     | core.supervisor | [SYSTEM] Registered evolution agent
2025-03-19 17:35:21 | INFO     | core.supervisor | [SYSTEM] Registered proximity agent
2025-03-19 17:35:21 | INFO     | core.supervisor | [SYSTEM] Registered meta_review agent
2025-03-19 17:35:21 | INFO     | core.supervisor | [SYSTEM] Supervisor agent started
2025-03-19 17:38:46 | INFO     | core.supervisor | [SYSTEM] Registered generation agent
2025-03-19 17:38:46 | INFO     | core.supervisor | [SYSTEM] Registered reflection agent
2025-03-19 17:38:46 | INFO     | core.supervisor | [SYSTEM] Registered ranking agent
2025-03-19 17:38:46 | INFO     | core.supervisor | [SYSTEM] Registered evolution agent
2025-03-19 17:38:46 | INFO     | core.supervisor | [SYSTEM] Registered proximity agent
2025-03-19 17:38:46 | INFO     | core.supervisor | [SYSTEM] Registered meta_review agent
2025-03-19 17:38:46 | INFO     | core.supervisor | [SYSTEM] Supervisor agent started
2025-03-19 17:39:51 | INFO     | core.supervisor | [SYSTEM] Registered generation agent
2025-03-19 17:39:51 | INFO     | core.supervisor | [SYSTEM] Registered reflection agent
2025-03-19 17:39:51 | INFO     | core.supervisor | [SYSTEM] Registered ranking agent
2025-03-19 17:39:51 | INFO     | core.supervisor | [SYSTEM] Registered evolution agent
2025-03-19 17:39:51 | INFO     | core.supervisor | [SYSTEM] Registered proximity agent
2025-03-19 17:39:51 | INFO     | core.supervisor | [SYSTEM] Registered meta_review agent
2025-03-19 17:39:51 | INFO     | core.supervisor | [SYSTEM] Supervisor agent started
2025-03-19 17:40:01 | INFO     | core.supervisor | [SYSTEM] Registered generation agent
2025-03-19 17:40:01 | INFO     | core.supervisor | [SYSTEM] Registered reflection agent
2025-03-19 17:40:01 | INFO     | core.supervisor | [SYSTEM] Registered ranking agent
2025-03-19 17:40:01 | INFO     | core.supervisor | [SYSTEM] Registered evolution agent
2025-03-19 17:40:01 | INFO     | core.supervisor | [SYSTEM] Registered proximity agent
2025-03-19 17:40:01 | INFO     | core.supervisor | [SYSTEM] Registered meta_review agent
2025-03-19 17:40:01 | INFO     | core.supervisor | [SYSTEM] Supervisor agent started
2025-03-19 17:40:01 | INFO     | core.supervisor | [SYSTEM] Registered generation agent
2025-03-19 17:40:01 | INFO     | core.supervisor | [SYSTEM] Registered reflection agent
2025-03-19 17:40:01 | INFO     | core.supervisor | [SYSTEM] Registered ranking agent
2025-03-19 17:40:01 | INFO     | core.supervisor | [SYSTEM] Registered evolution agent
2025-03-19 17:40:01 | INFO     | core.supervisor | [SYSTEM] Registered proximity agent
2025-03-19 17:40:01 | INFO     | core.supervisor | [SYSTEM] Registered meta_review agent
2025-03-19 17:40:01 | INFO     | core.supervisor | [SYSTEM] Supervisor agent started
2025-03-19 17:42:24 | INFO     | core.supervisor | [SYSTEM] Registered generation agent
2025-03-19 17:42:24 | INFO     | core.supervisor | [SYSTEM] Registered reflection agent
2025-03-19 17:42:24 | INFO     | core.supervisor | [SYSTEM] Registered ranking agent
2025-03-19 17:42:24 | INFO     | core.supervisor | [SYSTEM] Registered evolution agent
2025-03-19 17:42:24 | INFO     | core.supervisor | [SYSTEM] Registered proximity agent
2025-03-19 17:42:24 | INFO     | core.supervisor | [SYSTEM] Registered meta_review agent
2025-03-19 17:42:24 | INFO     | core.supervisor | [SYSTEM] Supervisor agent started
2025-03-19 17:42:27 | INFO     | core.supervisor | [SYSTEM] Registered generation agent
2025-03-19 17:42:27 | INFO     | core.supervisor | [SYSTEM] Registered reflection agent
2025-03-19 17:42:27 | INFO     | core.supervisor | [SYSTEM] Registered ranking agent
2025-03-19 17:42:27 | INFO     | core.supervisor | [SYSTEM] Registered evolution agent
2025-03-19 17:42:27 | INFO     | core.supervisor | [SYSTEM] Registered proximity agent
2025-03-19 17:42:27 | INFO     | core.supervisor | [SYSTEM] Registered meta_review agent
2025-03-19 17:42:27 | INFO     | core.supervisor | [SYSTEM] Supervisor agent started
2025-03-19 17:42:27 | INFO     | core.supervisor | [SYSTEM] Registered generation agent
2025-03-19 17:42:27 | INFO     | core.supervisor | [SYSTEM] Registered reflection agent
2025-03-19 17:42:27 | INFO     | core.supervisor | [SYSTEM] Registered ranking agent
2025-03-19 17:42:27 | INFO     | core.supervisor | [SYSTEM] Registered evolution agent
2025-03-19 17:42:27 | INFO     | core.supervisor | [SYSTEM] Registered proximity agent
2025-03-19 17:42:27 | INFO     | core.supervisor | [SYSTEM] Registered meta_review agent
2025-03-19 17:42:27 | INFO     | core.supervisor | [SYSTEM] Supervisor agent started
2025-03-19 17:47:21 | INFO     | core.supervisor | [SYSTEM] Registered generation agent
2025-03-19 17:47:21 | INFO     | core.supervisor | [SYSTEM] Registered reflection agent
2025-03-19 17:47:21 | INFO     | core.supervisor | [SYSTEM] Registered ranking agent
2025-03-19 17:47:21 | INFO     | core.supervisor | [SYSTEM] Registered evolution agent
2025-03-19 17:47:21 | INFO     | core.supervisor | [SYSTEM] Registered proximity agent
2025-03-19 17:47:21 | INFO     | core.supervisor | [SYSTEM] Registered meta_review agent
2025-03-19 17:47:21 | INFO     | core.supervisor | [SYSTEM] Supervisor agent started
2025-03-19 17:47:30 | INFO     | core.supervisor | [SYSTEM] Registered generation agent
2025-03-19 17:47:30 | INFO     | core.supervisor | [SYSTEM] Registered reflection agent
2025-03-19 17:47:30 | INFO     | core.supervisor | [SYSTEM] Registered ranking agent
2025-03-19 17:47:30 | INFO     | core.supervisor | [SYSTEM] Registered evolution agent
2025-03-19 17:47:30 | INFO     | core.supervisor | [SYSTEM] Registered proximity agent
2025-03-19 17:47:30 | INFO     | core.supervisor | [SYSTEM] Registered meta_review agent
2025-03-19 17:47:30 | INFO     | core.supervisor | [SYSTEM] Supervisor agent started
2025-03-19 17:47:31 | INFO     | core.supervisor | [SYSTEM] Registered generation agent
2025-03-19 17:47:31 | INFO     | core.supervisor | [SYSTEM] Registered reflection agent
2025-03-19 17:47:31 | INFO     | core.supervisor | [SYSTEM] Registered ranking agent
2025-03-19 17:47:31 | INFO     | core.supervisor | [SYSTEM] Registered evolution agent
2025-03-19 17:47:31 | INFO     | core.supervisor | [SYSTEM] Registered proximity agent
2025-03-19 17:47:31 | INFO     | core.supervisor | [SYSTEM] Registered meta_review agent
2025-03-19 17:47:31 | INFO     | core.supervisor | [SYSTEM] Supervisor agent started
2025-03-19 17:52:42 | INFO     | core.supervisor | [SYSTEM] Registered generation agent
2025-03-19 17:52:42 | INFO     | core.supervisor | [SYSTEM] Registered reflection agent
2025-03-19 17:52:42 | INFO     | core.supervisor | [SYSTEM] Registered ranking agent
2025-03-19 17:52:42 | INFO     | core.supervisor | [SYSTEM] Registered evolution agent
2025-03-19 17:52:42 | INFO     | core.supervisor | [SYSTEM] Registered proximity agent
2025-03-19 17:52:42 | INFO     | core.supervisor | [SYSTEM] Registered meta_review agent
2025-03-19 17:52:42 | INFO     | core.supervisor | [SYSTEM] Supervisor agent started
2025-03-19 17:52:46 | INFO     | core.supervisor | [SYSTEM] Registered generation agent
2025-03-19 17:52:46 | INFO     | core.supervisor | [SYSTEM] Registered reflection agent
2025-03-19 17:52:46 | INFO     | core.supervisor | [SYSTEM] Registered ranking agent
2025-03-19 17:52:46 | INFO     | core.supervisor | [SYSTEM] Registered evolution agent
2025-03-19 17:52:46 | INFO     | core.supervisor | [SYSTEM] Registered proximity agent
2025-03-19 17:52:46 | INFO     | core.supervisor | [SYSTEM] Registered meta_review agent
2025-03-19 17:52:46 | INFO     | core.supervisor | [SYSTEM] Supervisor agent started
2025-03-19 17:52:46 | INFO     | core.supervisor | [SYSTEM] Registered generation agent
2025-03-19 17:52:46 | INFO     | core.supervisor | [SYSTEM] Registered reflection agent
2025-03-19 17:52:46 | INFO     | core.supervisor | [SYSTEM] Registered ranking agent
2025-03-19 17:52:46 | INFO     | core.supervisor | [SYSTEM] Registered evolution agent
2025-03-19 17:52:46 | INFO     | core.supervisor | [SYSTEM] Registered proximity agent
2025-03-19 17:52:46 | INFO     | core.supervisor | [SYSTEM] Registered meta_review agent
2025-03-19 17:52:46 | INFO     | core.supervisor | [SYSTEM] Supervisor agent started
2025-03-19 22:13:37 | INFO     | core.supervisor | [SYSTEM] Registered generation agent
2025-03-19 22:13:37 | INFO     | core.supervisor | [SYSTEM] Registered reflection agent
2025-03-19 22:13:37 | INFO     | core.supervisor | [SYSTEM] Registered ranking agent
2025-03-19 22:13:37 | INFO     | core.supervisor | [SYSTEM] Registered evolution agent
2025-03-19 22:13:37 | INFO     | core.supervisor | [SYSTEM] Registered proximity agent
2025-03-19 22:13:37 | INFO     | core.supervisor | [SYSTEM] Registered meta_review agent
2025-03-19 22:13:37 | INFO     | core.supervisor | [SYSTEM] Supervisor agent started
2025-03-19 22:13:54 | INFO     | core.supervisor | [SYSTEM] Registered generation agent
2025-03-19 22:13:54 | INFO     | core.supervisor | [SYSTEM] Registered reflection agent
2025-03-19 22:13:54 | INFO     | core.supervisor | [SYSTEM] Registered ranking agent
2025-03-19 22:13:54 | INFO     | core.supervisor | [SYSTEM] Registered evolution agent
2025-03-19 22:13:54 | INFO     | core.supervisor | [SYSTEM] Registered proximity agent
2025-03-19 22:13:54 | INFO     | core.supervisor | [SYSTEM] Registered meta_review agent
2025-03-19 22:13:54 | INFO     | core.supervisor | [SYSTEM] Supervisor agent started
2025-03-19 22:13:54 | INFO     | core.supervisor | [SYSTEM] Registered generation agent
2025-03-19 22:13:54 | INFO     | core.supervisor | [SYSTEM] Registered reflection agent
2025-03-19 22:13:54 | INFO     | core.supervisor | [SYSTEM] Registered ranking agent
2025-03-19 22:13:54 | INFO     | core.supervisor | [SYSTEM] Registered evolution agent
2025-03-19 22:13:54 | INFO     | core.supervisor | [SYSTEM] Registered proximity agent
2025-03-19 22:13:54 | INFO     | core.supervisor | [SYSTEM] Registered meta_review agent
2025-03-19 22:13:54 | INFO     | core.supervisor | [SYSTEM] Supervisor agent started
2025-03-19 22:16:19 | INFO     | core.supervisor | [SYSTEM] Registered generation agent
2025-03-19 22:16:19 | INFO     | core.supervisor | [SYSTEM] Registered reflection agent
2025-03-19 22:16:19 | INFO     | core.supervisor | [SYSTEM] Registered ranking agent
2025-03-19 22:16:19 | INFO     | core.supervisor | [SYSTEM] Registered evolution agent
2025-03-19 22:16:19 | INFO     | core.supervisor | [SYSTEM] Registered proximity agent
2025-03-19 22:16:19 | INFO     | core.supervisor | [SYSTEM] Registered meta_review agent
2025-03-19 22:16:19 | INFO     | core.supervisor | [SYSTEM] Supervisor agent started
2025-03-19 22:16:19 | INFO     | core.supervisor | [SYSTEM] Registered generation agent
2025-03-19 22:16:19 | INFO     | core.supervisor | [SYSTEM] Registered reflection agent
2025-03-19 22:16:19 | INFO     | core.supervisor | [SYSTEM] Registered ranking agent
2025-03-19 22:16:19 | INFO     | core.supervisor | [SYSTEM] Registered evolution agent
2025-03-19 22:16:19 | INFO     | core.supervisor | [SYSTEM] Registered proximity agent
2025-03-19 22:16:19 | INFO     | core.supervisor | [SYSTEM] Registered meta_review agent
2025-03-19 22:16:19 | INFO     | core.supervisor | [SYSTEM] Supervisor agent started
2025-03-19 22:33:50 | INFO     | core.supervisor | [SYSTEM] Registered generation agent
2025-03-19 22:33:50 | INFO     | core.supervisor | [SYSTEM] Registered reflection agent
2025-03-19 22:33:50 | INFO     | core.supervisor | [SYSTEM] Registered ranking agent
2025-03-19 22:33:50 | INFO     | core.supervisor | [SYSTEM] Registered evolution agent
2025-03-19 22:33:50 | INFO     | core.supervisor | [SYSTEM] Registered proximity agent
2025-03-19 22:33:50 | INFO     | core.supervisor | [SYSTEM] Registered meta_review agent
2025-03-19 22:33:50 | INFO     | core.supervisor | [SYSTEM] Supervisor agent started
2025-03-19 22:41:01 | INFO     | core.supervisor | [SYSTEM] Registered generation agent
2025-03-19 22:41:01 | INFO     | core.supervisor | [SYSTEM] Registered reflection agent
2025-03-19 22:41:01 | INFO     | core.supervisor | [SYSTEM] Registered ranking agent
2025-03-19 22:41:01 | INFO     | core.supervisor | [SYSTEM] Registered evolution agent
2025-03-19 22:41:01 | INFO     | core.supervisor | [SYSTEM] Registered proximity agent
2025-03-19 22:41:01 | INFO     | core.supervisor | [SYSTEM] Registered meta_review agent
2025-03-19 22:41:01 | INFO     | core.supervisor | [SYSTEM] Supervisor agent started
2025-03-19 22:41:23 | INFO     | core.supervisor | [SYSTEM] Registered generation agent
2025-03-19 22:41:23 | INFO     | core.supervisor | [SYSTEM] Registered reflection agent
2025-03-19 22:41:23 | INFO     | core.supervisor | [SYSTEM] Registered ranking agent
2025-03-19 22:41:23 | INFO     | core.supervisor | [SYSTEM] Registered evolution agent
2025-03-19 22:41:23 | INFO     | core.supervisor | [SYSTEM] Registered proximity agent
2025-03-19 22:41:23 | INFO     | core.supervisor | [SYSTEM] Registered meta_review agent
2025-03-19 22:41:23 | INFO     | core.supervisor | [SYSTEM] Supervisor agent started
2025-03-19 22:42:37 | INFO     | core.supervisor | [SYSTEM] Registered generation agent
2025-03-19 22:42:37 | INFO     | core.supervisor | [SYSTEM] Registered reflection agent
2025-03-19 22:42:37 | INFO     | core.supervisor | [SYSTEM] Registered ranking agent
2025-03-19 22:42:37 | INFO     | core.supervisor | [SYSTEM] Registered evolution agent
2025-03-19 22:42:37 | INFO     | core.supervisor | [SYSTEM] Registered proximity agent
2025-03-19 22:42:37 | INFO     | core.supervisor | [SYSTEM] Registered meta_review agent
2025-03-19 22:42:37 | INFO     | core.supervisor | [SYSTEM] Supervisor agent started
2025-03-19 22:42:41 | INFO     | core.supervisor | [SYSTEM] Registered generation agent
2025-03-19 22:42:41 | INFO     | core.supervisor | [SYSTEM] Registered reflection agent
2025-03-19 22:42:41 | INFO     | core.supervisor | [SYSTEM] Registered ranking agent
2025-03-19 22:42:41 | INFO     | core.supervisor | [SYSTEM] Registered evolution agent
2025-03-19 22:42:41 | INFO     | core.supervisor | [SYSTEM] Registered proximity agent
2025-03-19 22:42:41 | INFO     | core.supervisor | [SYSTEM] Registered meta_review agent
2025-03-19 22:42:41 | INFO     | core.supervisor | [SYSTEM] Supervisor agent started
2025-03-19 22:44:06 | INFO     | core.supervisor | [SYSTEM] Registered generation agent
2025-03-19 22:44:06 | INFO     | core.supervisor | [SYSTEM] Registered reflection agent
2025-03-19 22:44:06 | INFO     | core.supervisor | [SYSTEM] Registered ranking agent
2025-03-19 22:44:06 | INFO     | core.supervisor | [SYSTEM] Registered evolution agent
2025-03-19 22:44:06 | INFO     | core.supervisor | [SYSTEM] Registered proximity agent
2025-03-19 22:44:06 | INFO     | core.supervisor | [SYSTEM] Registered meta_review agent
2025-03-19 22:44:06 | INFO     | core.supervisor | [SYSTEM] Supervisor agent started
2025-03-19 22:46:02 | INFO     | core.supervisor | [SYSTEM] Registered generation agent
2025-03-19 22:46:02 | INFO     | core.supervisor | [SYSTEM] Registered reflection agent
2025-03-19 22:46:02 | INFO     | core.supervisor | [SYSTEM] Registered ranking agent
2025-03-19 22:46:02 | INFO     | core.supervisor | [SYSTEM] Registered evolution agent
2025-03-19 22:46:02 | INFO     | core.supervisor | [SYSTEM] Registered proximity agent
2025-03-19 22:46:02 | INFO     | core.supervisor | [SYSTEM] Registered meta_review agent
2025-03-19 22:46:02 | INFO     | core.supervisor | [SYSTEM] Supervisor agent started
2025-03-19 22:56:55 | INFO     | core.supervisor | [SYSTEM] Registered generation agent
2025-03-19 22:56:55 | INFO     | core.supervisor | [SYSTEM] Registered reflection agent
2025-03-19 22:56:55 | INFO     | core.supervisor | [SYSTEM] Registered ranking agent
2025-03-19 22:56:55 | INFO     | core.supervisor | [SYSTEM] Registered evolution agent
2025-03-19 22:56:55 | INFO     | core.supervisor | [SYSTEM] Registered proximity agent
2025-03-19 22:56:55 | INFO     | core.supervisor | [SYSTEM] Registered meta_review agent
2025-03-19 22:56:55 | INFO     | core.supervisor | [SYSTEM] Supervisor agent started
2025-03-19 22:57:01 | INFO     | core.supervisor | [SYSTEM] Registered generation agent
2025-03-19 22:57:01 | INFO     | core.supervisor | [SYSTEM] Registered reflection agent
2025-03-19 22:57:01 | INFO     | core.supervisor | [SYSTEM] Registered ranking agent
2025-03-19 22:57:01 | INFO     | core.supervisor | [SYSTEM] Registered evolution agent
2025-03-19 22:57:01 | INFO     | core.supervisor | [SYSTEM] Registered proximity agent
2025-03-19 22:57:01 | INFO     | core.supervisor | [SYSTEM] Registered meta_review agent
2025-03-19 22:57:01 | INFO     | core.supervisor | [SYSTEM] Supervisor agent started
2025-03-19 23:01:55 | INFO     | core.supervisor | [SYSTEM] Registered generation agent
2025-03-19 23:01:55 | INFO     | core.supervisor | [SYSTEM] Registered reflection agent
2025-03-19 23:01:55 | INFO     | core.supervisor | [SYSTEM] Registered ranking agent
2025-03-19 23:01:55 | INFO     | core.supervisor | [SYSTEM] Registered evolution agent
2025-03-19 23:01:55 | INFO     | core.supervisor | [SYSTEM] Registered proximity agent
2025-03-19 23:01:55 | INFO     | core.supervisor | [SYSTEM] Registered meta_review agent
2025-03-19 23:01:55 | INFO     | core.supervisor | [SYSTEM] Supervisor agent started
2025-03-19 23:02:26 | INFO     | core.supervisor | [SYSTEM] Registered generation agent
2025-03-19 23:02:26 | INFO     | core.supervisor | [SYSTEM] Registered reflection agent
2025-03-19 23:02:26 | INFO     | core.supervisor | [SYSTEM] Registered ranking agent
2025-03-19 23:02:26 | INFO     | core.supervisor | [SYSTEM] Registered evolution agent
2025-03-19 23:02:26 | INFO     | core.supervisor | [SYSTEM] Registered proximity agent
2025-03-19 23:02:26 | INFO     | core.supervisor | [SYSTEM] Registered meta_review agent
2025-03-19 23:02:26 | INFO     | core.supervisor | [SYSTEM] Supervisor agent started
2025-03-19 23:03:28 | INFO     | core.supervisor | [SYSTEM] Registered generation agent
2025-03-19 23:03:28 | INFO     | core.supervisor | [SYSTEM] Registered reflection agent
2025-03-19 23:03:28 | INFO     | core.supervisor | [SYSTEM] Registered ranking agent
2025-03-19 23:03:28 | INFO     | core.supervisor | [SYSTEM] Registered evolution agent
2025-03-19 23:03:28 | INFO     | core.supervisor | [SYSTEM] Registered proximity agent
2025-03-19 23:03:28 | INFO     | core.supervisor | [SYSTEM] Registered meta_review agent
2025-03-19 23:03:28 | INFO     | core.supervisor | [SYSTEM] Supervisor agent started
2025-03-19 23:03:29 | INFO     | core.supervisor | [SYSTEM] Registered generation agent
2025-03-19 23:03:29 | INFO     | core.supervisor | [SYSTEM] Registered reflection agent
2025-03-19 23:03:29 | INFO     | core.supervisor | [SYSTEM] Registered ranking agent
2025-03-19 23:03:29 | INFO     | core.supervisor | [SYSTEM] Registered evolution agent
2025-03-19 23:03:29 | INFO     | core.supervisor | [SYSTEM] Registered proximity agent
2025-03-19 23:03:29 | INFO     | core.supervisor | [SYSTEM] Registered meta_review agent
2025-03-19 23:03:29 | INFO     | core.supervisor | [SYSTEM] Supervisor agent started
