2025-03-20 13:01:59 | INFO     | core.supervisor | [SYSTEM] Registered generation agent
2025-03-20 13:01:59 | INFO     | core.supervisor | [SYSTEM] Registered reflection agent
2025-03-20 13:01:59 | INFO     | core.supervisor | [SYSTEM] Registered ranking agent
2025-03-20 13:01:59 | INFO     | core.supervisor | [SYSTEM] Registered evolution agent
2025-03-20 13:01:59 | INFO     | core.supervisor | [SYSTEM] Registered proximity agent
2025-03-20 13:01:59 | INFO     | core.supervisor | [SYSTEM] Registered meta_review agent
2025-03-20 13:01:59 | INFO     | core.supervisor | [SYSTEM] Supervisor agent started
2025-03-20 13:02:56 | INFO     | core.supervisor | [SYSTEM] Registered generation agent
2025-03-20 13:02:56 | INFO     | core.supervisor | [SYSTEM] Registered reflection agent
2025-03-20 13:02:56 | INFO     | core.supervisor | [SYSTEM] Registered ranking agent
2025-03-20 13:02:56 | INFO     | core.supervisor | [SYSTEM] Registered evolution agent
2025-03-20 13:02:56 | INFO     | core.supervisor | [SYSTEM] Registered proximity agent
2025-03-20 13:02:56 | INFO     | core.supervisor | [SYSTEM] Registered meta_review agent
2025-03-20 13:02:56 | INFO     | core.supervisor | [SYSTEM] Supervisor agent started
2025-03-20 14:12:00 | INFO     | core.supervisor | [SYSTEM] Registered generation agent
2025-03-20 14:12:00 | INFO     | core.supervisor | [SYSTEM] Registered reflection agent
2025-03-20 14:12:00 | INFO     | core.supervisor | [SYSTEM] Registered ranking agent
2025-03-20 14:12:00 | INFO     | core.supervisor | [SYSTEM] Registered evolution agent
2025-03-20 14:12:00 | INFO     | core.supervisor | [SYSTEM] Registered proximity agent
2025-03-20 14:12:00 | INFO     | core.supervisor | [SYSTEM] Registered meta_review agent
2025-03-20 14:12:00 | INFO     | core.supervisor | [SYSTEM] Supervisor agent started
2025-03-20 14:13:26 | INFO     | core.supervisor | [SYSTEM] Supervisor agent stopped
2025-03-20 14:39:00 | INFO     | core.supervisor | [SYSTEM] Registered generation agent
2025-03-20 14:39:00 | INFO     | core.supervisor | [SYSTEM] Registered reflection agent
2025-03-20 14:39:00 | INFO     | core.supervisor | [SYSTEM] Registered ranking agent
2025-03-20 14:39:00 | INFO     | core.supervisor | [SYSTEM] Registered evolution agent
2025-03-20 14:39:00 | INFO     | core.supervisor | [SYSTEM] Registered proximity agent
2025-03-20 14:39:00 | INFO     | core.supervisor | [SYSTEM] Registered meta_review agent
2025-03-20 14:39:00 | INFO     | core.supervisor | [SYSTEM] Supervisor agent started
2025-03-20 14:39:19 | INFO     | core.supervisor | [SYSTEM] Registered generation agent
2025-03-20 14:39:19 | INFO     | core.supervisor | [SYSTEM] Registered reflection agent
2025-03-20 14:39:19 | INFO     | core.supervisor | [SYSTEM] Registered ranking agent
2025-03-20 14:39:19 | INFO     | core.supervisor | [SYSTEM] Registered evolution agent
2025-03-20 14:39:19 | INFO     | core.supervisor | [SYSTEM] Registered proximity agent
2025-03-20 14:39:19 | INFO     | core.supervisor | [SYSTEM] Registered meta_review agent
2025-03-20 14:39:19 | INFO     | core.supervisor | [SYSTEM] Supervisor agent started
2025-03-20 14:45:46 | INFO     | core.supervisor | [SYSTEM] Registered generation agent
2025-03-20 14:45:46 | INFO     | core.supervisor | [SYSTEM] Registered reflection agent
2025-03-20 14:45:46 | INFO     | core.supervisor | [SYSTEM] Registered ranking agent
2025-03-20 14:45:46 | INFO     | core.supervisor | [SYSTEM] Registered evolution agent
2025-03-20 14:45:46 | INFO     | core.supervisor | [SYSTEM] Registered proximity agent
2025-03-20 14:45:46 | INFO     | core.supervisor | [SYSTEM] Registered meta_review agent
2025-03-20 14:45:46 | INFO     | core.supervisor | [SYSTEM] Supervisor agent started
2025-03-20 14:45:46 | INFO     | core.supervisor | [SYSTEM] Registered generation agent
2025-03-20 14:45:46 | INFO     | core.supervisor | [SYSTEM] Registered reflection agent
2025-03-20 14:45:46 | INFO     | core.supervisor | [SYSTEM] Registered ranking agent
2025-03-20 14:45:46 | INFO     | core.supervisor | [SYSTEM] Registered evolution agent
2025-03-20 14:45:46 | INFO     | core.supervisor | [SYSTEM] Registered proximity agent
2025-03-20 14:45:46 | INFO     | core.supervisor | [SYSTEM] Registered meta_review agent
2025-03-20 14:45:46 | INFO     | core.supervisor | [SYSTEM] Supervisor agent started
2025-03-20 14:50:32 | INFO     | core.supervisor | [SYSTEM] Registered generation agent
2025-03-20 14:50:32 | INFO     | core.supervisor | [SYSTEM] Registered reflection agent
2025-03-20 14:50:32 | INFO     | core.supervisor | [SYSTEM] Registered ranking agent
2025-03-20 14:50:32 | INFO     | core.supervisor | [SYSTEM] Registered evolution agent
2025-03-20 14:50:32 | INFO     | core.supervisor | [SYSTEM] Registered proximity agent
2025-03-20 14:50:32 | INFO     | core.supervisor | [SYSTEM] Registered meta_review agent
2025-03-20 14:50:32 | INFO     | core.supervisor | [SYSTEM] Supervisor agent started
2025-03-20 14:53:32 | INFO     | core.supervisor | [SYSTEM] Registered generation agent
2025-03-20 14:53:32 | INFO     | core.supervisor | [SYSTEM] Registered reflection agent
2025-03-20 14:53:32 | INFO     | core.supervisor | [SYSTEM] Registered ranking agent
2025-03-20 14:53:32 | INFO     | core.supervisor | [SYSTEM] Registered evolution agent
2025-03-20 14:53:32 | INFO     | core.supervisor | [SYSTEM] Registered proximity agent
2025-03-20 14:53:32 | INFO     | core.supervisor | [SYSTEM] Registered meta_review agent
2025-03-20 14:53:32 | INFO     | core.supervisor | [SYSTEM] Supervisor agent started
2025-03-20 14:53:56 | INFO     | core.supervisor | [SYSTEM] Registered generation agent
2025-03-20 14:53:56 | INFO     | core.supervisor | [SYSTEM] Registered reflection agent
2025-03-20 14:53:56 | INFO     | core.supervisor | [SYSTEM] Registered ranking agent
2025-03-20 14:53:56 | INFO     | core.supervisor | [SYSTEM] Registered evolution agent
2025-03-20 14:53:56 | INFO     | core.supervisor | [SYSTEM] Registered proximity agent
2025-03-20 14:53:56 | INFO     | core.supervisor | [SYSTEM] Registered meta_review agent
2025-03-20 14:53:56 | INFO     | core.supervisor | [SYSTEM] Supervisor agent started
2025-03-20 14:53:58 | INFO     | core.supervisor | [SYSTEM] Registered generation agent
2025-03-20 14:53:58 | INFO     | core.supervisor | [SYSTEM] Registered reflection agent
2025-03-20 14:53:58 | INFO     | core.supervisor | [SYSTEM] Registered ranking agent
2025-03-20 14:53:58 | INFO     | core.supervisor | [SYSTEM] Registered evolution agent
2025-03-20 14:53:58 | INFO     | core.supervisor | [SYSTEM] Registered proximity agent
2025-03-20 14:53:58 | INFO     | core.supervisor | [SYSTEM] Registered meta_review agent
2025-03-20 14:53:58 | INFO     | core.supervisor | [SYSTEM] Supervisor agent started
2025-03-20 14:56:50 | INFO     | core.supervisor | [SYSTEM] Registered generation agent
2025-03-20 14:56:50 | INFO     | core.supervisor | [SYSTEM] Registered reflection agent
2025-03-20 14:56:50 | INFO     | core.supervisor | [SYSTEM] Registered ranking agent
2025-03-20 14:56:50 | INFO     | core.supervisor | [SYSTEM] Registered evolution agent
2025-03-20 14:56:50 | INFO     | core.supervisor | [SYSTEM] Registered proximity agent
2025-03-20 14:56:50 | INFO     | core.supervisor | [SYSTEM] Registered meta_review agent
2025-03-20 14:56:50 | INFO     | core.supervisor | [SYSTEM] Supervisor agent started
2025-03-20 14:57:00 | INFO     | core.supervisor | [SYSTEM] Registered generation agent
2025-03-20 14:57:00 | INFO     | core.supervisor | [SYSTEM] Registered reflection agent
2025-03-20 14:57:00 | INFO     | core.supervisor | [SYSTEM] Registered ranking agent
2025-03-20 14:57:00 | INFO     | core.supervisor | [SYSTEM] Registered evolution agent
2025-03-20 14:57:00 | INFO     | core.supervisor | [SYSTEM] Registered proximity agent
2025-03-20 14:57:00 | INFO     | core.supervisor | [SYSTEM] Registered meta_review agent
2025-03-20 14:57:00 | INFO     | core.supervisor | [SYSTEM] Supervisor agent started
2025-03-20 14:57:01 | INFO     | core.supervisor | [SYSTEM] Registered generation agent
2025-03-20 14:57:01 | INFO     | core.supervisor | [SYSTEM] Registered reflection agent
2025-03-20 14:57:01 | INFO     | core.supervisor | [SYSTEM] Registered ranking agent
2025-03-20 14:57:01 | INFO     | core.supervisor | [SYSTEM] Registered evolution agent
2025-03-20 14:57:01 | INFO     | core.supervisor | [SYSTEM] Registered proximity agent
2025-03-20 14:57:01 | INFO     | core.supervisor | [SYSTEM] Registered meta_review agent
2025-03-20 14:57:01 | INFO     | core.supervisor | [SYSTEM] Supervisor agent started
2025-03-20 15:05:36 | INFO     | core.supervisor | [SYSTEM] Registered generation agent
2025-03-20 15:05:36 | INFO     | core.supervisor | [SYSTEM] Registered reflection agent
2025-03-20 15:05:36 | INFO     | core.supervisor | [SYSTEM] Registered ranking agent
2025-03-20 15:05:36 | INFO     | core.supervisor | [SYSTEM] Registered evolution agent
2025-03-20 15:05:36 | INFO     | core.supervisor | [SYSTEM] Registered proximity agent
2025-03-20 15:05:36 | INFO     | core.supervisor | [SYSTEM] Registered meta_review agent
2025-03-20 15:05:36 | INFO     | core.supervisor | [SYSTEM] Supervisor agent started
